{"E:\\orbital\\fluminus-client\\App.js": {"path":"E:\\orbital\\fluminus-client\\App.js","statementMap":{"0":{"start":{"line":6,"column":0},"end":{"line":6,"column":16}},"1":{"start":{"line":7,"column":0},"end":{"line":7,"column":32}},"2":{"start":{"line":9,"column":2},"end":{"line":9,"column":26}}},"fnMap":{"0":{"name":"App","decl":{"start":{"line":8,"column":24},"end":{"line":8,"column":27}},"loc":{"start":{"line":8,"column":30},"end":{"line":10,"column":1}},"line":8}},"branchMap":{},"s":{"0":1,"1":1,"2":0},"f":{"0":0},"b":{},"_coverageSchema":"1a1c01bbd47fc00a2c39e90264f33305004495a9","hash":"48cfe9b9b2d60082790ddbc389550cc32feecbc7"}
,"E:\\orbital\\fluminus-client\\components\\AnnouncementGridTile.js": {"path":"E:\\orbital\\fluminus-client\\components\\AnnouncementGridTile.js","statementMap":{"0":{"start":{"line":4,"column":29},"end":{"line":12,"column":1}},"1":{"start":{"line":5,"column":2},"end":{"line":11,"column":4}},"2":{"start":{"line":14,"column":15},"end":{"line":23,"column":2}}},"fnMap":{"0":{"name":"(anonymous_0)","decl":{"start":{"line":4,"column":29},"end":{"line":4,"column":30}},"loc":{"start":{"line":4,"column":40},"end":{"line":12,"column":1}},"line":4}},"branchMap":{},"s":{"0":1,"1":0,"2":1},"f":{"0":0},"b":{},"_coverageSchema":"1a1c01bbd47fc00a2c39e90264f33305004495a9","hash":"915c8739eac479ac8f327dd991e40d0a19dc13d6"}
,"E:\\orbital\\fluminus-client\\components\\FolderGridTile.js": {"path":"E:\\orbital\\fluminus-client\\components\\FolderGridTile.js","statementMap":{"0":{"start":{"line":24,"column":8},"end":{"line":24,"column":21}},"1":{"start":{"line":25,"column":8},"end":{"line":31,"column":9}},"2":{"start":{"line":56,"column":21},"end":{"line":105,"column":5}},"3":{"start":{"line":57,"column":27},"end":{"line":57,"column":43}},"4":{"start":{"line":58,"column":8},"end":{"line":60,"column":9}},"5":{"start":{"line":59,"column":8},"end":{"line":59,"column":47}},"6":{"start":{"line":62,"column":8},"end":{"line":104,"column":10}},"7":{"start":{"line":66,"column":20},"end":{"line":91,"column":21}},"8":{"start":{"line":67,"column":35},"end":{"line":67,"column":51}},"9":{"start":{"line":68,"column":24},"end":{"line":68,"column":55}},"10":{"start":{"line":70,"column":24},"end":{"line":72,"column":26}},"11":{"start":{"line":77,"column":24},"end":{"line":90,"column":25}},"12":{"start":{"line":78,"column":28},"end":{"line":78,"column":53}},"13":{"start":{"line":80,"column":28},"end":{"line":80,"column":53}},"14":{"start":{"line":107,"column":20},"end":{"line":125,"column":5}},"15":{"start":{"line":108,"column":8},"end":{"line":124,"column":10}},"16":{"start":{"line":128,"column":18},"end":{"line":128,"column":45}},"17":{"start":{"line":129,"column":8},"end":{"line":145,"column":9}},"18":{"start":{"line":130,"column":12},"end":{"line":144,"column":14}},"19":{"start":{"line":134,"column":35},"end":{"line":134,"column":51}},"20":{"start":{"line":135,"column":24},"end":{"line":135,"column":35}},"21":{"start":{"line":136,"column":24},"end":{"line":138,"column":26}},"22":{"start":{"line":149,"column":18},"end":{"line":149,"column":45}},"23":{"start":{"line":152,"column":8},"end":{"line":180,"column":10}},"24":{"start":{"line":158,"column":28},"end":{"line":158,"column":51}},"25":{"start":{"line":159,"column":28},"end":{"line":161,"column":31}},"26":{"start":{"line":176,"column":47},"end":{"line":176,"column":63}},"27":{"start":{"line":220,"column":15},"end":{"line":242,"column":2}}},"fnMap":{"0":{"name":"(anonymous_0)","decl":{"start":{"line":22,"column":4},"end":{"line":22,"column":5}},"loc":{"start":{"line":22,"column":23},"end":{"line":33,"column":5}},"line":22},"1":{"name":"(anonymous_1)","decl":{"start":{"line":56,"column":21},"end":{"line":56,"column":22}},"loc":{"start":{"line":56,"column":52},"end":{"line":105,"column":5}},"line":56},"2":{"name":"(anonymous_2)","decl":{"start":{"line":65,"column":25},"end":{"line":65,"column":26}},"loc":{"start":{"line":65,"column":31},"end":{"line":92,"column":17}},"line":65},"3":{"name":"(anonymous_3)","decl":{"start":{"line":107,"column":20},"end":{"line":107,"column":21}},"loc":{"start":{"line":107,"column":34},"end":{"line":125,"column":5}},"line":107},"4":{"name":"(anonymous_4)","decl":{"start":{"line":127,"column":4},"end":{"line":127,"column":5}},"loc":{"start":{"line":127,"column":15},"end":{"line":146,"column":5}},"line":127},"5":{"name":"(anonymous_5)","decl":{"start":{"line":133,"column":29},"end":{"line":133,"column":30}},"loc":{"start":{"line":133,"column":35},"end":{"line":139,"column":21}},"line":133},"6":{"name":"(anonymous_6)","decl":{"start":{"line":148,"column":4},"end":{"line":148,"column":5}},"loc":{"start":{"line":148,"column":13},"end":{"line":181,"column":5}},"line":148},"7":{"name":"(anonymous_7)","decl":{"start":{"line":157,"column":33},"end":{"line":157,"column":34}},"loc":{"start":{"line":157,"column":39},"end":{"line":162,"column":25}},"line":157},"8":{"name":"(anonymous_8)","decl":{"start":{"line":176,"column":30},"end":{"line":176,"column":31}},"loc":{"start":{"line":176,"column":47},"end":{"line":176,"column":63}},"line":176}},"branchMap":{"0":{"loc":{"start":{"line":58,"column":8},"end":{"line":60,"column":9}},"type":"if","locations":[{"start":{"line":58,"column":8},"end":{"line":60,"column":9}},{"start":{"line":58,"column":8},"end":{"line":60,"column":9}}],"line":58},"1":{"loc":{"start":{"line":58,"column":12},"end":{"line":58,"column":61}},"type":"binary-expr","locations":[{"start":{"line":58,"column":12},"end":{"line":58,"column":36}},{"start":{"line":58,"column":40},"end":{"line":58,"column":61}}],"line":58},"2":{"loc":{"start":{"line":66,"column":20},"end":{"line":91,"column":21}},"type":"if","locations":[{"start":{"line":66,"column":20},"end":{"line":91,"column":21}},{"start":{"line":66,"column":20},"end":{"line":91,"column":21}}],"line":66},"3":{"loc":{"start":{"line":71,"column":34},"end":{"line":71,"column":78}},"type":"cond-expr","locations":[{"start":{"line":71,"column":66},"end":{"line":71,"column":70}},{"start":{"line":71,"column":73},"end":{"line":71,"column":78}}],"line":71},"4":{"loc":{"start":{"line":77,"column":24},"end":{"line":90,"column":25}},"type":"if","locations":[{"start":{"line":77,"column":24},"end":{"line":90,"column":25}},{"start":{"line":77,"column":24},"end":{"line":90,"column":25}}],"line":77},"5":{"loc":{"start":{"line":95,"column":26},"end":{"line":95,"column":63}},"type":"cond-expr","locations":[{"start":{"line":95,"column":46},"end":{"line":95,"column":54}},{"start":{"line":95,"column":57},"end":{"line":95,"column":63}}],"line":95},"6":{"loc":{"start":{"line":122,"column":12},"end":{"line":122,"column":89}},"type":"cond-expr","locations":[{"start":{"line":122,"column":46},"end":{"line":122,"column":68}},{"start":{"line":122,"column":71},"end":{"line":122,"column":89}}],"line":122},"7":{"loc":{"start":{"line":129,"column":8},"end":{"line":145,"column":9}},"type":"if","locations":[{"start":{"line":129,"column":8},"end":{"line":145,"column":9}},{"start":{"line":129,"column":8},"end":{"line":145,"column":9}}],"line":129},"8":{"loc":{"start":{"line":154,"column":17},"end":{"line":171,"column":39}},"type":"binary-expr","locations":[{"start":{"line":154,"column":17},"end":{"line":154,"column":33}},{"start":{"line":155,"column":20},"end":{"line":171,"column":39}}],"line":154},"9":{"loc":{"start":{"line":160,"column":38},"end":{"line":160,"column":82}},"type":"cond-expr","locations":[{"start":{"line":160,"column":70},"end":{"line":160,"column":74}},{"start":{"line":160,"column":77},"end":{"line":160,"column":82}}],"line":160},"10":{"loc":{"start":{"line":229,"column":6},"end":{"line":229,"column":79}},"type":"cond-expr","locations":[{"start":{"line":229,"column":59},"end":{"line":229,"column":67}},{"start":{"line":229,"column":70},"end":{"line":229,"column":79}}],"line":229},"11":{"loc":{"start":{"line":229,"column":6},"end":{"line":229,"column":56}},"type":"binary-expr","locations":[{"start":{"line":229,"column":6},"end":{"line":229,"column":31}},{"start":{"line":229,"column":35},"end":{"line":229,"column":56}}],"line":229}},"s":{"0":0,"1":0,"2":0,"3":0,"4":0,"5":0,"6":0,"7":0,"8":0,"9":0,"10":0,"11":0,"12":0,"13":0,"14":0,"15":0,"16":0,"17":0,"18":0,"19":0,"20":0,"21":0,"22":0,"23":0,"24":0,"25":0,"26":0,"27":1},"f":{"0":0,"1":0,"2":0,"3":0,"4":0,"5":0,"6":0,"7":0,"8":0},"b":{"0":[0,0],"1":[0,0],"2":[0,0],"3":[0,0],"4":[0,0],"5":[0,0],"6":[0,0],"7":[0,0],"8":[0,0],"9":[0,0],"10":[0,1],"11":[1,0]},"_coverageSchema":"1a1c01bbd47fc00a2c39e90264f33305004495a9","hash":"74ea8cdd4ffd04f2e8bfe7fd50f49e681e6f6ab1"}
,"E:\\orbital\\fluminus-client\\components\\FriendGridTile.js": {"path":"E:\\orbital\\fluminus-client\\components\\FriendGridTile.js","statementMap":{"0":{"start":{"line":11,"column":23},"end":{"line":28,"column":1}},"1":{"start":{"line":12,"column":21},"end":{"line":12,"column":37}},"2":{"start":{"line":13,"column":2},"end":{"line":15,"column":3}},"3":{"start":{"line":14,"column":4},"end":{"line":14,"column":43}},"4":{"start":{"line":17,"column":2},"end":{"line":27,"column":4}},"5":{"start":{"line":30,"column":15},"end":{"line":55,"column":2}}},"fnMap":{"0":{"name":"(anonymous_0)","decl":{"start":{"line":11,"column":23},"end":{"line":11,"column":24}},"loc":{"start":{"line":11,"column":34},"end":{"line":28,"column":1}},"line":11}},"branchMap":{"0":{"loc":{"start":{"line":13,"column":2},"end":{"line":15,"column":3}},"type":"if","locations":[{"start":{"line":13,"column":2},"end":{"line":15,"column":3}},{"start":{"line":13,"column":2},"end":{"line":15,"column":3}}],"line":13},"1":{"loc":{"start":{"line":13,"column":6},"end":{"line":13,"column":55}},"type":"binary-expr","locations":[{"start":{"line":13,"column":6},"end":{"line":13,"column":30}},{"start":{"line":13,"column":34},"end":{"line":13,"column":55}}],"line":13},"2":{"loc":{"start":{"line":37,"column":6},"end":{"line":37,"column":79}},"type":"cond-expr","locations":[{"start":{"line":37,"column":59},"end":{"line":37,"column":67}},{"start":{"line":37,"column":70},"end":{"line":37,"column":79}}],"line":37},"3":{"loc":{"start":{"line":37,"column":6},"end":{"line":37,"column":56}},"type":"binary-expr","locations":[{"start":{"line":37,"column":6},"end":{"line":37,"column":31}},{"start":{"line":37,"column":35},"end":{"line":37,"column":56}}],"line":37}},"s":{"0":1,"1":0,"2":0,"3":0,"4":0,"5":1},"f":{"0":0},"b":{"0":[0,0],"1":[0,0],"2":[0,1],"3":[1,0]},"_coverageSchema":"1a1c01bbd47fc00a2c39e90264f33305004495a9","hash":"ead5c5870b5d61f5896ad06d04e8ad56fa5c0b01"}
,"E:\\orbital\\fluminus-client\\components\\HeaderButton.js": {"path":"E:\\orbital\\fluminus-client\\components\\HeaderButton.js","statementMap":{"0":{"start":{"line":8,"column":27},"end":{"line":17,"column":1}},"1":{"start":{"line":9,"column":2},"end":{"line":16,"column":4}}},"fnMap":{"0":{"name":"(anonymous_0)","decl":{"start":{"line":8,"column":27},"end":{"line":8,"column":28}},"loc":{"start":{"line":8,"column":38},"end":{"line":17,"column":1}},"line":8}},"branchMap":{"0":{"loc":{"start":{"line":14,"column":13},"end":{"line":14,"column":83}},"type":"cond-expr","locations":[{"start":{"line":14,"column":41},"end":{"line":14,"column":60}},{"start":{"line":14,"column":63},"end":{"line":14,"column":83}}],"line":14}},"s":{"0":1,"1":0},"f":{"0":0},"b":{"0":[0,0]},"_coverageSchema":"1a1c01bbd47fc00a2c39e90264f33305004495a9","hash":"db2e03c1d1a6a5bdc2cf4b861b6b80d8a3a73e1d"}
,"E:\\orbital\\fluminus-client\\components\\Loader.js": {"path":"E:\\orbital\\fluminus-client\\components\\Loader.js","statementMap":{"0":{"start":{"line":9,"column":15},"end":{"line":26,"column":2}},"1":{"start":{"line":28,"column":15},"end":{"line":46,"column":1}},"2":{"start":{"line":32,"column":8},"end":{"line":32,"column":13}},"3":{"start":{"line":34,"column":4},"end":{"line":45,"column":5}}},"fnMap":{"0":{"name":"(anonymous_0)","decl":{"start":{"line":28,"column":15},"end":{"line":28,"column":16}},"loc":{"start":{"line":28,"column":26},"end":{"line":46,"column":1}},"line":28}},"branchMap":{},"s":{"0":1,"1":1,"2":0,"3":0},"f":{"0":0},"b":{},"_coverageSchema":"1a1c01bbd47fc00a2c39e90264f33305004495a9","hash":"0e892b3637fcd271c367869454a2024cfa943c94"}
,"E:\\orbital\\fluminus-client\\components\\MediaGridTile.js": {"path":"E:\\orbital\\fluminus-client\\components\\MediaGridTile.js","statementMap":{"0":{"start":{"line":4,"column":22},"end":{"line":12,"column":1}},"1":{"start":{"line":5,"column":2},"end":{"line":11,"column":4}},"2":{"start":{"line":14,"column":15},"end":{"line":22,"column":2}}},"fnMap":{"0":{"name":"(anonymous_0)","decl":{"start":{"line":4,"column":22},"end":{"line":4,"column":23}},"loc":{"start":{"line":4,"column":33},"end":{"line":12,"column":1}},"line":4}},"branchMap":{},"s":{"0":1,"1":0,"2":1},"f":{"0":0},"b":{},"_coverageSchema":"1a1c01bbd47fc00a2c39e90264f33305004495a9","hash":"9b141724b688d90f602501b33bc7f8343dffe80b"}
,"E:\\orbital\\fluminus-client\\components\\ModuleGridTile.js": {"path":"E:\\orbital\\fluminus-client\\components\\ModuleGridTile.js","statementMap":{"0":{"start":{"line":11,"column":23},"end":{"line":31,"column":1}},"1":{"start":{"line":12,"column":21},"end":{"line":12,"column":37}},"2":{"start":{"line":14,"column":2},"end":{"line":16,"column":3}},"3":{"start":{"line":15,"column":4},"end":{"line":15,"column":43}},"4":{"start":{"line":18,"column":2},"end":{"line":30,"column":4}},"5":{"start":{"line":33,"column":15},"end":{"line":60,"column":2}}},"fnMap":{"0":{"name":"(anonymous_0)","decl":{"start":{"line":11,"column":23},"end":{"line":11,"column":24}},"loc":{"start":{"line":11,"column":34},"end":{"line":31,"column":1}},"line":11}},"branchMap":{"0":{"loc":{"start":{"line":14,"column":2},"end":{"line":16,"column":3}},"type":"if","locations":[{"start":{"line":14,"column":2},"end":{"line":16,"column":3}},{"start":{"line":14,"column":2},"end":{"line":16,"column":3}}],"line":14},"1":{"loc":{"start":{"line":14,"column":6},"end":{"line":14,"column":57}},"type":"binary-expr","locations":[{"start":{"line":14,"column":6},"end":{"line":14,"column":31}},{"start":{"line":14,"column":35},"end":{"line":14,"column":57}}],"line":14},"2":{"loc":{"start":{"line":40,"column":6},"end":{"line":42,"column":19}},"type":"cond-expr","locations":[{"start":{"line":41,"column":10},"end":{"line":41,"column":18}},{"start":{"line":42,"column":10},"end":{"line":42,"column":19}}],"line":40},"3":{"loc":{"start":{"line":40,"column":6},"end":{"line":40,"column":57}},"type":"binary-expr","locations":[{"start":{"line":40,"column":6},"end":{"line":40,"column":31}},{"start":{"line":40,"column":35},"end":{"line":40,"column":57}}],"line":40}},"s":{"0":0,"1":0,"2":0,"3":0,"4":0,"5":0},"f":{"0":0},"b":{"0":[0,0],"1":[0,0],"2":[0,0],"3":[0,0]}}
,"E:\\orbital\\fluminus-client\\components\\ScheduleItemTile.js": {"path":"E:\\orbital\\fluminus-client\\components\\ScheduleItemTile.js","statementMap":{"0":{"start":{"line":11,"column":25},"end":{"line":29,"column":1}},"1":{"start":{"line":12,"column":21},"end":{"line":12,"column":37}},"2":{"start":{"line":14,"column":2},"end":{"line":16,"column":3}},"3":{"start":{"line":15,"column":4},"end":{"line":15,"column":43}},"4":{"start":{"line":18,"column":2},"end":{"line":28,"column":4}},"5":{"start":{"line":31,"column":15},"end":{"line":56,"column":2}}},"fnMap":{"0":{"name":"(anonymous_0)","decl":{"start":{"line":11,"column":25},"end":{"line":11,"column":26}},"loc":{"start":{"line":11,"column":36},"end":{"line":29,"column":1}},"line":11}},"branchMap":{"0":{"loc":{"start":{"line":14,"column":2},"end":{"line":16,"column":3}},"type":"if","locations":[{"start":{"line":14,"column":2},"end":{"line":16,"column":3}},{"start":{"line":14,"column":2},"end":{"line":16,"column":3}}],"line":14},"1":{"loc":{"start":{"line":14,"column":6},"end":{"line":14,"column":56}},"type":"binary-expr","locations":[{"start":{"line":14,"column":6},"end":{"line":14,"column":30}},{"start":{"line":14,"column":34},"end":{"line":14,"column":56}}],"line":14},"2":{"loc":{"start":{"line":38,"column":6},"end":{"line":40,"column":19}},"type":"cond-expr","locations":[{"start":{"line":39,"column":10},"end":{"line":39,"column":18}},{"start":{"line":40,"column":10},"end":{"line":40,"column":19}}],"line":38},"3":{"loc":{"start":{"line":38,"column":6},"end":{"line":38,"column":57}},"type":"binary-expr","locations":[{"start":{"line":38,"column":6},"end":{"line":38,"column":31}},{"start":{"line":38,"column":35},"end":{"line":38,"column":57}}],"line":38}},"s":{"0":0,"1":0,"2":0,"3":0,"4":0,"5":0},"f":{"0":0},"b":{"0":[0,0],"1":[0,0],"2":[0,0],"3":[0,0]}}
,"E:\\orbital\\fluminus-client\\components\\Timetable.js": {"path":"E:\\orbital\\fluminus-client\\components\\Timetable.js","statementMap":{"0":{"start":{"line":5,"column":19},"end":{"line":5,"column":21}},"1":{"start":{"line":6,"column":15},"end":{"line":17,"column":2}},"2":{"start":{"line":19,"column":22},"end":{"line":33,"column":1}},"3":{"start":{"line":20,"column":4},"end":{"line":32,"column":5}},"4":{"start":{"line":40,"column":8},"end":{"line":40,"column":21}},"5":{"start":{"line":46,"column":8},"end":{"line":52,"column":10}},"6":{"start":{"line":51,"column":47},"end":{"line":51,"column":63}}},"fnMap":{"0":{"name":"(anonymous_0)","decl":{"start":{"line":19,"column":22},"end":{"line":19,"column":23}},"loc":{"start":{"line":19,"column":54},"end":{"line":33,"column":1}},"line":19},"1":{"name":"(anonymous_1)","decl":{"start":{"line":39,"column":4},"end":{"line":39,"column":5}},"loc":{"start":{"line":39,"column":23},"end":{"line":41,"column":5}},"line":39},"2":{"name":"(anonymous_2)","decl":{"start":{"line":45,"column":4},"end":{"line":45,"column":5}},"loc":{"start":{"line":45,"column":13},"end":{"line":53,"column":5}},"line":45},"3":{"name":"(anonymous_3)","decl":{"start":{"line":51,"column":30},"end":{"line":51,"column":31}},"loc":{"start":{"line":51,"column":47},"end":{"line":51,"column":63}},"line":51}},"branchMap":{},"s":{"0":0,"1":0,"2":0,"3":0,"4":0,"5":0,"6":0},"f":{"0":0,"1":0,"2":0,"3":0},"b":{}}
,"E:\\orbital\\fluminus-client\\constants\\Colors.js": {"path":"E:\\orbital\\fluminus-client\\constants\\Colors.js","statementMap":{},"fnMap":{},"branchMap":{},"s":{},"f":{},"b":{},"_coverageSchema":"1a1c01bbd47fc00a2c39e90264f33305004495a9","hash":"0680fd87a10945d67105b97b5d06f53d57c17be4"}
,"E:\\orbital\\fluminus-client\\constants\\URLs.js": {"path":"E:\\orbital\\fluminus-client\\constants\\URLs.js","statementMap":{"0":{"start":{"line":1,"column":17},"end":{"line":1,"column":57}},"1":{"start":{"line":2,"column":25},"end":{"line":2,"column":43}},"2":{"start":{"line":3,"column":27},"end":{"line":3,"column":48}},"3":{"start":{"line":4,"column":33},"end":{"line":4,"column":71}},"4":{"start":{"line":5,"column":24},"end":{"line":5,"column":56}}},"fnMap":{},"branchMap":{},"s":{"0":1,"1":1,"2":1,"3":1,"4":1},"f":{},"b":{},"_coverageSchema":"1a1c01bbd47fc00a2c39e90264f33305004495a9","hash":"19dc4872bf787d6451015d70f94188c01b66cdcd"}
,"E:\\orbital\\fluminus-client\\data\\dummy-data.js": {"path":"E:\\orbital\\fluminus-client\\data\\dummy-data.js","statementMap":{"0":{"start":{"line":9,"column":29},"end":{"line":12,"column":1}},"1":{"start":{"line":14,"column":27},"end":{"line":17,"column":1}},"2":{"start":{"line":19,"column":32},"end":{"line":26,"column":1}},"3":{"start":{"line":28,"column":24},"end":{"line":30,"column":1}},"4":{"start":{"line":32,"column":25},"end":{"line":34,"column":1}},"5":{"start":{"line":36,"column":26},"end":{"line":39,"column":1}},"6":{"start":{"line":41,"column":26},"end":{"line":44,"column":1}}},"fnMap":{},"branchMap":{},"s":{"0":1,"1":1,"2":1,"3":1,"4":1,"5":1,"6":1},"f":{},"b":{},"_coverageSchema":"1a1c01bbd47fc00a2c39e90264f33305004495a9","hash":"44e2f259252b1411305fb554ff62afc87d940a75"}
,"E:\\orbital\\fluminus-client\\models\\AnnouncementItem.js": {"path":"E:\\orbital\\fluminus-client\\models\\AnnouncementItem.js","statementMap":{"0":{"start":{"line":3,"column":4},"end":{"line":3,"column":17}},"1":{"start":{"line":4,"column":4},"end":{"line":4,"column":29}},"2":{"start":{"line":5,"column":4},"end":{"line":5,"column":23}},"3":{"start":{"line":6,"column":4},"end":{"line":6,"column":21}}},"fnMap":{"0":{"name":"(anonymous_0)","decl":{"start":{"line":2,"column":2},"end":{"line":2,"column":3}},"loc":{"start":{"line":2,"column":41},"end":{"line":7,"column":3}},"line":2}},"branchMap":{},"s":{"0":1,"1":1,"2":1,"3":1},"f":{"0":1},"b":{},"_coverageSchema":"1a1c01bbd47fc00a2c39e90264f33305004495a9","hash":"79de5bad9135262922646e67eda74549f3e23388"}
,"E:\\orbital\\fluminus-client\\models\\FileItem.js": {"path":"E:\\orbital\\fluminus-client\\models\\FileItem.js","statementMap":{"0":{"start":{"line":3,"column":4},"end":{"line":3,"column":17}},"1":{"start":{"line":4,"column":4},"end":{"line":4,"column":29}},"2":{"start":{"line":5,"column":4},"end":{"line":5,"column":23}},"3":{"start":{"line":6,"column":4},"end":{"line":6,"column":29}}},"fnMap":{"0":{"name":"(anonymous_0)","decl":{"start":{"line":2,"column":2},"end":{"line":2,"column":3}},"loc":{"start":{"line":2,"column":45},"end":{"line":7,"column":3}},"line":2}},"branchMap":{},"s":{"0":1,"1":1,"2":1,"3":1},"f":{"0":1},"b":{},"_coverageSchema":"1a1c01bbd47fc00a2c39e90264f33305004495a9","hash":"b7ecd2017d8a3688ceb51fd5783b9c0f076bc818"}
,"E:\\orbital\\fluminus-client\\models\\FolderItem.js": {"path":"E:\\orbital\\fluminus-client\\models\\FolderItem.js","statementMap":{"0":{"start":{"line":3,"column":6},"end":{"line":3,"column":19}},"1":{"start":{"line":4,"column":6},"end":{"line":4,"column":31}},"2":{"start":{"line":5,"column":6},"end":{"line":5,"column":35}}},"fnMap":{"0":{"name":"(anonymous_0)","decl":{"start":{"line":2,"column":4},"end":{"line":2,"column":5}},"loc":{"start":{"line":2,"column":42},"end":{"line":6,"column":5}},"line":2}},"branchMap":{},"s":{"0":2,"1":2,"2":2},"f":{"0":2},"b":{},"_coverageSchema":"1a1c01bbd47fc00a2c39e90264f33305004495a9","hash":"0fd6ad37e9323b5619ae693ec037924e23c79dcb"}
,"E:\\orbital\\fluminus-client\\models\\FriendItem.js": {"path":"E:\\orbital\\fluminus-client\\models\\FriendItem.js","statementMap":{"0":{"start":{"line":3,"column":6},"end":{"line":3,"column":19}},"1":{"start":{"line":4,"column":6},"end":{"line":4,"column":23}},"2":{"start":{"line":5,"column":6},"end":{"line":5,"column":25}}},"fnMap":{"0":{"name":"(anonymous_0)","decl":{"start":{"line":2,"column":4},"end":{"line":2,"column":5}},"loc":{"start":{"line":2,"column":33},"end":{"line":6,"column":5}},"line":2}},"branchMap":{},"s":{"0":2,"1":2,"2":2},"f":{"0":2},"b":{},"_coverageSchema":"1a1c01bbd47fc00a2c39e90264f33305004495a9","hash":"9d2ed15a22ed68d27353fc0f46d6dd715d0aefc5"}
,"E:\\orbital\\fluminus-client\\models\\MediaItem.js": {"path":"E:\\orbital\\fluminus-client\\models\\MediaItem.js","statementMap":{"0":{"start":{"line":3,"column":4},"end":{"line":3,"column":17}},"1":{"start":{"line":4,"column":4},"end":{"line":4,"column":29}},"2":{"start":{"line":5,"column":4},"end":{"line":5,"column":23}},"3":{"start":{"line":6,"column":4},"end":{"line":6,"column":29}}},"fnMap":{"0":{"name":"(anonymous_0)","decl":{"start":{"line":2,"column":2},"end":{"line":2,"column":3}},"loc":{"start":{"line":2,"column":45},"end":{"line":7,"column":3}},"line":2}},"branchMap":{},"s":{"0":1,"1":1,"2":1,"3":1},"f":{"0":1},"b":{},"_coverageSchema":"1a1c01bbd47fc00a2c39e90264f33305004495a9","hash":"769249009f41d3a40e9eed1a139949d63714cbea"}
,"E:\\orbital\\fluminus-client\\models\\ModuleItem.js": {"path":"E:\\orbital\\fluminus-client\\models\\ModuleItem.js","statementMap":{"0":{"start":{"line":3,"column":4},"end":{"line":3,"column":17}},"1":{"start":{"line":4,"column":4},"end":{"line":4,"column":21}},"2":{"start":{"line":5,"column":4},"end":{"line":5,"column":23}}},"fnMap":{"0":{"name":"(anonymous_0)","decl":{"start":{"line":2,"column":2},"end":{"line":2,"column":3}},"loc":{"start":{"line":2,"column":31},"end":{"line":6,"column":3}},"line":2}},"branchMap":{},"s":{"0":2,"1":2,"2":2},"f":{"0":2},"b":{},"_coverageSchema":"1a1c01bbd47fc00a2c39e90264f33305004495a9","hash":"00660705a997698c00490cd1c1ec4eff1c1c9181"}
,"E:\\orbital\\fluminus-client\\models\\ScheduleItem.js": {"path":"E:\\orbital\\fluminus-client\\models\\ScheduleItem.js","statementMap":{"0":{"start":{"line":3,"column":4},"end":{"line":3,"column":17}},"1":{"start":{"line":4,"column":4},"end":{"line":4,"column":23}},"2":{"start":{"line":5,"column":4},"end":{"line":5,"column":23}},"3":{"start":{"line":6,"column":4},"end":{"line":6,"column":21}}},"fnMap":{"0":{"name":"(anonymous_0)","decl":{"start":{"line":2,"column":2},"end":{"line":2,"column":3}},"loc":{"start":{"line":2,"column":38},"end":{"line":7,"column":3}},"line":2}},"branchMap":{},"s":{"0":2,"1":2,"2":2,"3":2},"f":{"0":2},"b":{},"_coverageSchema":"1a1c01bbd47fc00a2c39e90264f33305004495a9","hash":"2481508b25256f7eb5d29ab80453dd782e5ef8b5"}
,"E:\\orbital\\fluminus-client\\navigation\\AppNavigator.js": {"path":"E:\\orbital\\fluminus-client\\navigation\\AppNavigator.js","statementMap":{"0":{"start":{"line":24,"column":27},"end":{"line":38,"column":1}},"1":{"start":{"line":50,"column":24},"end":{"line":97,"column":1}},"2":{"start":{"line":56,"column":10},"end":{"line":62,"column":12}},"3":{"start":{"line":70,"column":10},"end":{"line":72,"column":12}},"4":{"start":{"line":106,"column":35},"end":{"line":121,"column":1}},"5":{"start":{"line":123,"column":26},"end":{"line":137,"column":1}},"6":{"start":{"line":139,"column":22},"end":{"line":150,"column":1}},"7":{"start":{"line":173,"column":23},"end":{"line":183,"column":1}}},"fnMap":{"0":{"name":"(anonymous_0)","decl":{"start":{"line":55,"column":20},"end":{"line":55,"column":21}},"loc":{"start":{"line":55,"column":33},"end":{"line":63,"column":9}},"line":55},"1":{"name":"(anonymous_1)","decl":{"start":{"line":69,"column":20},"end":{"line":69,"column":21}},"loc":{"start":{"line":69,"column":33},"end":{"line":73,"column":9}},"line":69}},"branchMap":{"0":{"loc":{"start":{"line":32,"column":25},"end":{"line":32,"column":78}},"type":"cond-expr","locations":[{"start":{"line":32,"column":53},"end":{"line":32,"column":73}},{"start":{"line":32,"column":76},"end":{"line":32,"column":78}}],"line":32},"1":{"loc":{"start":{"line":35,"column":8},"end":{"line":35,"column":78}},"type":"cond-expr","locations":[{"start":{"line":35,"column":36},"end":{"line":35,"column":55}},{"start":{"line":35,"column":58},"end":{"line":35,"column":78}}],"line":35},"2":{"loc":{"start":{"line":91,"column":25},"end":{"line":91,"column":78}},"type":"cond-expr","locations":[{"start":{"line":91,"column":53},"end":{"line":91,"column":73}},{"start":{"line":91,"column":76},"end":{"line":91,"column":78}}],"line":91},"3":{"loc":{"start":{"line":94,"column":8},"end":{"line":94,"column":78}},"type":"cond-expr","locations":[{"start":{"line":94,"column":36},"end":{"line":94,"column":55}},{"start":{"line":94,"column":58},"end":{"line":94,"column":78}}],"line":94},"4":{"loc":{"start":{"line":115,"column":25},"end":{"line":115,"column":78}},"type":"cond-expr","locations":[{"start":{"line":115,"column":53},"end":{"line":115,"column":73}},{"start":{"line":115,"column":76},"end":{"line":115,"column":78}}],"line":115},"5":{"loc":{"start":{"line":118,"column":8},"end":{"line":118,"column":78}},"type":"cond-expr","locations":[{"start":{"line":118,"column":36},"end":{"line":118,"column":55}},{"start":{"line":118,"column":58},"end":{"line":118,"column":78}}],"line":118},"6":{"loc":{"start":{"line":131,"column":25},"end":{"line":131,"column":78}},"type":"cond-expr","locations":[{"start":{"line":131,"column":53},"end":{"line":131,"column":73}},{"start":{"line":131,"column":76},"end":{"line":131,"column":78}}],"line":131},"7":{"loc":{"start":{"line":134,"column":8},"end":{"line":134,"column":78}},"type":"cond-expr","locations":[{"start":{"line":134,"column":36},"end":{"line":134,"column":55}},{"start":{"line":134,"column":58},"end":{"line":134,"column":78}}],"line":134}},"s":{"0":1,"1":1,"2":0,"3":0,"4":1,"5":1,"6":1,"7":1},"f":{"0":0,"1":0},"b":{"0":[0,1],"1":[0,1],"2":[0,1],"3":[0,1],"4":[0,1],"5":[0,1],"6":[0,1],"7":[0,1]},"_coverageSchema":"1a1c01bbd47fc00a2c39e90264f33305004495a9","hash":"dccd9799e629ab6320dd735b0fae976d9bd7a713"}
,"E:\\orbital\\fluminus-client\\screens\\AnnouncementInfoScreen.js": {"path":"E:\\orbital\\fluminus-client\\screens\\AnnouncementInfoScreen.js","statementMap":{"0":{"start":{"line":4,"column":31},"end":{"line":10,"column":1}},"1":{"start":{"line":5,"column":2},"end":{"line":9,"column":4}},"2":{"start":{"line":12,"column":14},"end":{"line":12,"column":35}}},"fnMap":{"0":{"name":"(anonymous_0)","decl":{"start":{"line":4,"column":31},"end":{"line":4,"column":32}},"loc":{"start":{"line":4,"column":42},"end":{"line":10,"column":1}},"line":4}},"branchMap":{},"s":{"0":1,"1":0,"2":1},"f":{"0":0},"b":{},"_coverageSchema":"1a1c01bbd47fc00a2c39e90264f33305004495a9","hash":"54167b8f9e00b319ef50fb374eb22ff4709cbcfe"}
,"E:\\orbital\\fluminus-client\\screens\\AnnouncementScreen.js": {"path":"E:\\orbital\\fluminus-client\\screens\\AnnouncementScreen.js","statementMap":{"0":{"start":{"line":15,"column":30},"end":{"line":26,"column":1}},"1":{"start":{"line":16,"column":29},"end":{"line":18,"column":3}},"2":{"start":{"line":17,"column":4},"end":{"line":17,"column":64}},"3":{"start":{"line":20,"column":2},"end":{"line":25,"column":4}},"4":{"start":{"line":28,"column":15},"end":{"line":39,"column":2}},"5":{"start":{"line":43,"column":4},"end":{"line":43,"column":17}},"6":{"start":{"line":44,"column":4},"end":{"line":47,"column":6}},"7":{"start":{"line":51,"column":19},"end":{"line":51,"column":32}},"8":{"start":{"line":52,"column":4},"end":{"line":52,"column":54}},"9":{"start":{"line":54,"column":17},"end":{"line":57,"column":6}},"10":{"start":{"line":58,"column":4},"end":{"line":83,"column":75}},"11":{"start":{"line":64,"column":8},"end":{"line":64,"column":31}},"12":{"start":{"line":66,"column":24},"end":{"line":66,"column":35}},"13":{"start":{"line":68,"column":8},"end":{"line":72,"column":9}},"14":{"start":{"line":69,"column":10},"end":{"line":69,"column":34}},"15":{"start":{"line":71,"column":10},"end":{"line":71,"column":22}},"16":{"start":{"line":75,"column":8},"end":{"line":77,"column":9}},"17":{"start":{"line":76,"column":10},"end":{"line":76,"column":26}},"18":{"start":{"line":80,"column":8},"end":{"line":80,"column":22}},"19":{"start":{"line":82,"column":21},"end":{"line":82,"column":34}},"20":{"start":{"line":83,"column":24},"end":{"line":83,"column":73}},"21":{"start":{"line":89,"column":4},"end":{"line":96,"column":42}},"22":{"start":{"line":92,"column":8},"end":{"line":92,"column":21}},"23":{"start":{"line":94,"column":22},"end":{"line":94,"column":38}},"24":{"start":{"line":95,"column":24},"end":{"line":95,"column":53}},"25":{"start":{"line":96,"column":22},"end":{"line":96,"column":40}},"26":{"start":{"line":100,"column":4},"end":{"line":116,"column":5}},"27":{"start":{"line":101,"column":6},"end":{"line":101,"column":39}},"28":{"start":{"line":103,"column":6},"end":{"line":109,"column":8}},"29":{"start":{"line":106,"column":12},"end":{"line":106,"column":41}},"30":{"start":{"line":120,"column":22},"end":{"line":129,"column":1}},"31":{"start":{"line":121,"column":2},"end":{"line":128,"column":4}},"32":{"start":{"line":131,"column":0},"end":{"line":151,"column":2}},"33":{"start":{"line":132,"column":19},"end":{"line":132,"column":65}},"34":{"start":{"line":134,"column":2},"end":{"line":150,"column":4}},"35":{"start":{"line":137,"column":6},"end":{"line":139,"column":13}}},"fnMap":{"0":{"name":"(anonymous_0)","decl":{"start":{"line":15,"column":30},"end":{"line":15,"column":31}},"loc":{"start":{"line":15,"column":41},"end":{"line":26,"column":1}},"line":15},"1":{"name":"(anonymous_1)","decl":{"start":{"line":16,"column":29},"end":{"line":16,"column":30}},"loc":{"start":{"line":16,"column":43},"end":{"line":18,"column":3}},"line":16},"2":{"name":"(anonymous_2)","decl":{"start":{"line":42,"column":2},"end":{"line":42,"column":3}},"loc":{"start":{"line":42,"column":21},"end":{"line":48,"column":3}},"line":42},"3":{"name":"(anonymous_3)","decl":{"start":{"line":50,"column":2},"end":{"line":50,"column":3}},"loc":{"start":{"line":50,"column":25},"end":{"line":86,"column":3}},"line":50},"4":{"name":"(anonymous_4)","decl":{"start":{"line":63,"column":12},"end":{"line":63,"column":13}},"loc":{"start":{"line":63,"column":26},"end":{"line":65,"column":7}},"line":63},"5":{"name":"(anonymous_5)","decl":{"start":{"line":66,"column":12},"end":{"line":66,"column":13}},"loc":{"start":{"line":66,"column":24},"end":{"line":66,"column":35}},"line":66},"6":{"name":"(anonymous_6)","decl":{"start":{"line":67,"column":12},"end":{"line":67,"column":13}},"loc":{"start":{"line":67,"column":22},"end":{"line":73,"column":7}},"line":67},"7":{"name":"(anonymous_7)","decl":{"start":{"line":74,"column":12},"end":{"line":74,"column":13}},"loc":{"start":{"line":74,"column":24},"end":{"line":81,"column":7}},"line":74},"8":{"name":"(anonymous_8)","decl":{"start":{"line":82,"column":12},"end":{"line":82,"column":13}},"loc":{"start":{"line":82,"column":21},"end":{"line":82,"column":34}},"line":82},"9":{"name":"(anonymous_9)","decl":{"start":{"line":83,"column":12},"end":{"line":83,"column":13}},"loc":{"start":{"line":83,"column":24},"end":{"line":83,"column":73}},"line":83},"10":{"name":"(anonymous_10)","decl":{"start":{"line":88,"column":2},"end":{"line":88,"column":3}},"loc":{"start":{"line":88,"column":22},"end":{"line":97,"column":3}},"line":88},"11":{"name":"(anonymous_11)","decl":{"start":{"line":90,"column":12},"end":{"line":90,"column":13}},"loc":{"start":{"line":90,"column":23},"end":{"line":93,"column":7}},"line":90},"12":{"name":"(anonymous_12)","decl":{"start":{"line":94,"column":12},"end":{"line":94,"column":13}},"loc":{"start":{"line":94,"column":22},"end":{"line":94,"column":38}},"line":94},"13":{"name":"(anonymous_13)","decl":{"start":{"line":95,"column":12},"end":{"line":95,"column":13}},"loc":{"start":{"line":95,"column":24},"end":{"line":95,"column":53}},"line":95},"14":{"name":"(anonymous_14)","decl":{"start":{"line":96,"column":13},"end":{"line":96,"column":14}},"loc":{"start":{"line":96,"column":22},"end":{"line":96,"column":40}},"line":96},"15":{"name":"(anonymous_15)","decl":{"start":{"line":99,"column":2},"end":{"line":99,"column":3}},"loc":{"start":{"line":99,"column":11},"end":{"line":117,"column":3}},"line":99},"16":{"name":"(anonymous_16)","decl":{"start":{"line":105,"column":31},"end":{"line":105,"column":32}},"loc":{"start":{"line":105,"column":43},"end":{"line":107,"column":11}},"line":105},"17":{"name":"(anonymous_17)","decl":{"start":{"line":120,"column":22},"end":{"line":120,"column":23}},"loc":{"start":{"line":120,"column":35},"end":{"line":129,"column":1}},"line":120},"18":{"name":"(anonymous_18)","decl":{"start":{"line":131,"column":39},"end":{"line":131,"column":40}},"loc":{"start":{"line":131,"column":59},"end":{"line":151,"column":1}},"line":131},"19":{"name":"(anonymous_19)","decl":{"start":{"line":136,"column":16},"end":{"line":136,"column":17}},"loc":{"start":{"line":137,"column":6},"end":{"line":139,"column":13}},"line":137}},"branchMap":{"0":{"loc":{"start":{"line":75,"column":8},"end":{"line":77,"column":9}},"type":"if","locations":[{"start":{"line":75,"column":8},"end":{"line":77,"column":9}},{"start":{"line":75,"column":8},"end":{"line":77,"column":9}}],"line":75},"1":{"loc":{"start":{"line":100,"column":4},"end":{"line":116,"column":5}},"type":"if","locations":[{"start":{"line":100,"column":4},"end":{"line":116,"column":5}},{"start":{"line":100,"column":4},"end":{"line":116,"column":5}}],"line":100}},"s":{"0":1,"1":0,"2":0,"3":0,"4":1,"5":0,"6":0,"7":0,"8":0,"9":0,"10":0,"11":0,"12":0,"13":0,"14":0,"15":0,"16":0,"17":0,"18":0,"19":0,"20":0,"21":0,"22":0,"23":0,"24":0,"25":0,"26":0,"27":0,"28":0,"29":0,"30":1,"31":0,"32":1,"33":0,"34":0,"35":0},"f":{"0":0,"1":0,"2":0,"3":0,"4":0,"5":0,"6":0,"7":0,"8":0,"9":0,"10":0,"11":0,"12":0,"13":0,"14":0,"15":0,"16":0,"17":0,"18":0,"19":0},"b":{"0":[0,0],"1":[0,0]},"_coverageSchema":"1a1c01bbd47fc00a2c39e90264f33305004495a9","hash":"8578300f4e12ebc9e7fd0a64b3994570b608850c"}
,"E:\\orbital\\fluminus-client\\screens\\FileScreen.js": {"path":"E:\\orbital\\fluminus-client\\screens\\FileScreen.js","statementMap":{"0":{"start":{"line":4,"column":19},"end":{"line":11,"column":1}},"1":{"start":{"line":6,"column":2},"end":{"line":10,"column":4}},"2":{"start":{"line":13,"column":14},"end":{"line":13,"column":35}}},"fnMap":{"0":{"name":"(anonymous_0)","decl":{"start":{"line":4,"column":19},"end":{"line":4,"column":20}},"loc":{"start":{"line":4,"column":30},"end":{"line":11,"column":1}},"line":4}},"branchMap":{},"s":{"0":1,"1":0,"2":1},"f":{"0":0},"b":{},"_coverageSchema":"1a1c01bbd47fc00a2c39e90264f33305004495a9","hash":"73b10186109b4469460c071aa7ce0ef67abc73f2"}
,"E:\\orbital\\fluminus-client\\screens\\FolderScreen.js": {"path":"E:\\orbital\\fluminus-client\\screens\\FolderScreen.js","statementMap":{"0":{"start":{"line":11,"column":4},"end":{"line":11,"column":17}},"1":{"start":{"line":12,"column":4},"end":{"line":18,"column":6}},"2":{"start":{"line":21,"column":12},"end":{"line":21,"column":54}},"3":{"start":{"line":23,"column":18},"end":{"line":36,"column":3}},"4":{"start":{"line":24,"column":4},"end":{"line":35,"column":6}},"5":{"start":{"line":27,"column":10},"end":{"line":29,"column":13}},"6":{"start":{"line":38,"column":4},"end":{"line":40,"column":52}},"7":{"start":{"line":39,"column":33},"end":{"line":39,"column":58}},"8":{"start":{"line":40,"column":34},"end":{"line":40,"column":50}},"9":{"start":{"line":43,"column":4},"end":{"line":65,"column":36}},"10":{"start":{"line":47,"column":8},"end":{"line":63,"column":12}},"11":{"start":{"line":57,"column":12},"end":{"line":57,"column":35}},"12":{"start":{"line":59,"column":28},"end":{"line":59,"column":39}},"13":{"start":{"line":60,"column":26},"end":{"line":60,"column":54}},"14":{"start":{"line":62,"column":12},"end":{"line":62,"column":97}},"15":{"start":{"line":65,"column":18},"end":{"line":65,"column":34}},"16":{"start":{"line":69,"column":4},"end":{"line":69,"column":18}},"17":{"start":{"line":70,"column":4},"end":{"line":70,"column":34}},"18":{"start":{"line":71,"column":4},"end":{"line":71,"column":22}},"19":{"start":{"line":75,"column":4},"end":{"line":97,"column":5}},"20":{"start":{"line":76,"column":6},"end":{"line":80,"column":8}},"21":{"start":{"line":82,"column":6},"end":{"line":96,"column":8}}},"fnMap":{"0":{"name":"(anonymous_0)","decl":{"start":{"line":10,"column":2},"end":{"line":10,"column":3}},"loc":{"start":{"line":10,"column":21},"end":{"line":19,"column":3}},"line":10},"1":{"name":"(anonymous_1)","decl":{"start":{"line":23,"column":18},"end":{"line":23,"column":19}},"loc":{"start":{"line":23,"column":32},"end":{"line":36,"column":3}},"line":23},"2":{"name":"(anonymous_2)","decl":{"start":{"line":26,"column":18},"end":{"line":26,"column":19}},"loc":{"start":{"line":26,"column":24},"end":{"line":30,"column":9}},"line":26},"3":{"name":"(anonymous_3)","decl":{"start":{"line":37,"column":2},"end":{"line":37,"column":3}},"loc":{"start":{"line":37,"column":17},"end":{"line":41,"column":3}},"line":37},"4":{"name":"(anonymous_4)","decl":{"start":{"line":39,"column":28},"end":{"line":39,"column":29}},"loc":{"start":{"line":39,"column":33},"end":{"line":39,"column":58}},"line":39},"5":{"name":"(anonymous_5)","decl":{"start":{"line":40,"column":29},"end":{"line":40,"column":30}},"loc":{"start":{"line":40,"column":34},"end":{"line":40,"column":50}},"line":40},"6":{"name":"(anonymous_6)","decl":{"start":{"line":42,"column":2},"end":{"line":42,"column":3}},"loc":{"start":{"line":42,"column":15},"end":{"line":66,"column":3}},"line":42},"7":{"name":"(anonymous_7)","decl":{"start":{"line":46,"column":12},"end":{"line":46,"column":13}},"loc":{"start":{"line":46,"column":21},"end":{"line":64,"column":7}},"line":46},"8":{"name":"(anonymous_8)","decl":{"start":{"line":56,"column":16},"end":{"line":56,"column":17}},"loc":{"start":{"line":56,"column":30},"end":{"line":58,"column":11}},"line":56},"9":{"name":"(anonymous_9)","decl":{"start":{"line":59,"column":16},"end":{"line":59,"column":17}},"loc":{"start":{"line":59,"column":28},"end":{"line":59,"column":39}},"line":59},"10":{"name":"(anonymous_10)","decl":{"start":{"line":60,"column":16},"end":{"line":60,"column":17}},"loc":{"start":{"line":60,"column":26},"end":{"line":60,"column":54}},"line":60},"11":{"name":"(anonymous_11)","decl":{"start":{"line":61,"column":16},"end":{"line":61,"column":17}},"loc":{"start":{"line":62,"column":12},"end":{"line":62,"column":97}},"line":62},"12":{"name":"(anonymous_12)","decl":{"start":{"line":65,"column":13},"end":{"line":65,"column":14}},"loc":{"start":{"line":65,"column":18},"end":{"line":65,"column":34}},"line":65},"13":{"name":"(anonymous_13)","decl":{"start":{"line":68,"column":2},"end":{"line":68,"column":3}},"loc":{"start":{"line":68,"column":22},"end":{"line":72,"column":3}},"line":68},"14":{"name":"(anonymous_14)","decl":{"start":{"line":74,"column":2},"end":{"line":74,"column":3}},"loc":{"start":{"line":74,"column":11},"end":{"line":98,"column":3}},"line":74}},"branchMap":{"0":{"loc":{"start":{"line":75,"column":4},"end":{"line":97,"column":5}},"type":"if","locations":[{"start":{"line":75,"column":4},"end":{"line":97,"column":5}},{"start":{"line":75,"column":4},"end":{"line":97,"column":5}}],"line":75}},"s":{"0":0,"1":0,"2":0,"3":0,"4":0,"5":0,"6":0,"7":0,"8":0,"9":0,"10":0,"11":0,"12":0,"13":0,"14":0,"15":0,"16":0,"17":0,"18":0,"19":0,"20":0,"21":0},"f":{"0":0,"1":0,"2":0,"3":0,"4":0,"5":0,"6":0,"7":0,"8":0,"9":0,"10":0,"11":0,"12":0,"13":0,"14":0},"b":{"0":[0,0]},"_coverageSchema":"1a1c01bbd47fc00a2c39e90264f33305004495a9","hash":"a2b026970a321d4b15cbb682391a9d3f8424a446"}
,"E:\\orbital\\fluminus-client\\screens\\FriendScreen.js": {"path":"E:\\orbital\\fluminus-client\\screens\\FriendScreen.js","statementMap":{"0":{"start":{"line":9,"column":21},"end":{"line":29,"column":1}},"1":{"start":{"line":10,"column":27},"end":{"line":24,"column":3}},"2":{"start":{"line":11,"column":4},"end":{"line":23,"column":6}},"3":{"start":{"line":15,"column":10},"end":{"line":20,"column":13}},"4":{"start":{"line":26,"column":2},"end":{"line":28,"column":4}},"5":{"start":{"line":31,"column":0},"end":{"line":46,"column":2}},"6":{"start":{"line":32,"column":2},"end":{"line":45,"column":4}},"7":{"start":{"line":35,"column":6},"end":{"line":43,"column":22}},"8":{"start":{"line":40,"column":12},"end":{"line":40,"column":53}},"9":{"start":{"line":48,"column":15},"end":{"line":48,"column":36}}},"fnMap":{"0":{"name":"(anonymous_0)","decl":{"start":{"line":9,"column":21},"end":{"line":9,"column":22}},"loc":{"start":{"line":9,"column":32},"end":{"line":29,"column":1}},"line":9},"1":{"name":"(anonymous_1)","decl":{"start":{"line":10,"column":27},"end":{"line":10,"column":28}},"loc":{"start":{"line":10,"column":41},"end":{"line":24,"column":3}},"line":10},"2":{"name":"(anonymous_2)","decl":{"start":{"line":14,"column":18},"end":{"line":14,"column":19}},"loc":{"start":{"line":14,"column":24},"end":{"line":21,"column":9}},"line":14},"3":{"name":"(anonymous_3)","decl":{"start":{"line":31,"column":33},"end":{"line":31,"column":34}},"loc":{"start":{"line":31,"column":53},"end":{"line":46,"column":1}},"line":31},"4":{"name":"(anonymous_4)","decl":{"start":{"line":34,"column":16},"end":{"line":34,"column":17}},"loc":{"start":{"line":35,"column":6},"end":{"line":43,"column":22}},"line":35},"5":{"name":"(anonymous_5)","decl":{"start":{"line":39,"column":19},"end":{"line":39,"column":20}},"loc":{"start":{"line":39,"column":25},"end":{"line":41,"column":11}},"line":39}},"branchMap":{},"s":{"0":1,"1":0,"2":0,"3":0,"4":0,"5":1,"6":0,"7":0,"8":0,"9":1},"f":{"0":0,"1":0,"2":0,"3":0,"4":0,"5":0},"b":{},"_coverageSchema":"1a1c01bbd47fc00a2c39e90264f33305004495a9","hash":"8591c9476e4be023a7366661d795d7abb7c64181"}
,"E:\\orbital\\fluminus-client\\screens\\GradeScreen.js": {"path":"E:\\orbital\\fluminus-client\\screens\\GradeScreen.js","statementMap":{"0":{"start":{"line":4,"column":20},"end":{"line":10,"column":1}},"1":{"start":{"line":5,"column":2},"end":{"line":9,"column":4}},"2":{"start":{"line":12,"column":0},"end":{"line":16,"column":2}},"3":{"start":{"line":13,"column":2},"end":{"line":15,"column":4}},"4":{"start":{"line":18,"column":15},"end":{"line":22,"column":2}}},"fnMap":{"0":{"name":"(anonymous_0)","decl":{"start":{"line":4,"column":20},"end":{"line":4,"column":21}},"loc":{"start":{"line":4,"column":31},"end":{"line":10,"column":1}},"line":4},"1":{"name":"(anonymous_1)","decl":{"start":{"line":12,"column":32},"end":{"line":12,"column":33}},"loc":{"start":{"line":12,"column":52},"end":{"line":16,"column":1}},"line":12}},"branchMap":{},"s":{"0":0,"1":0,"2":0,"3":0,"4":0},"f":{"0":0,"1":0},"b":{}}
,"E:\\orbital\\fluminus-client\\screens\\Homescreen.js": {"path":"E:\\orbital\\fluminus-client\\screens\\Homescreen.js","statementMap":{"0":{"start":{"line":10,"column":19},"end":{"line":35,"column":1}},"1":{"start":{"line":13,"column":2},"end":{"line":28,"column":4}},"2":{"start":{"line":42,"column":4},"end":{"line":48,"column":5}},"3":{"start":{"line":53,"column":4},"end":{"line":53,"column":17}},"4":{"start":{"line":54,"column":4},"end":{"line":54,"column":48}},"5":{"start":{"line":60,"column":4},"end":{"line":69,"column":46}},"6":{"start":{"line":63,"column":34},"end":{"line":63,"column":76}},"7":{"start":{"line":64,"column":18},"end":{"line":66,"column":37}},"8":{"start":{"line":67,"column":20},"end":{"line":67,"column":54}},"9":{"start":{"line":69,"column":28},"end":{"line":69,"column":44}},"10":{"start":{"line":73,"column":20},"end":{"line":73,"column":22}},"11":{"start":{"line":74,"column":4},"end":{"line":81,"column":5}},"12":{"start":{"line":76,"column":6},"end":{"line":80,"column":7}},"13":{"start":{"line":78,"column":19},"end":{"line":78,"column":34}},"14":{"start":{"line":79,"column":8},"end":{"line":79,"column":95}},"15":{"start":{"line":83,"column":4},"end":{"line":83,"column":21}},"16":{"start":{"line":95,"column":4},"end":{"line":108,"column":5}},"17":{"start":{"line":96,"column":6},"end":{"line":98,"column":8}},"18":{"start":{"line":100,"column":6},"end":{"line":107,"column":7}},"19":{"start":{"line":104,"column":34},"end":{"line":104,"column":51}},"20":{"start":{"line":135,"column":0},"end":{"line":150,"column":2}},"21":{"start":{"line":136,"column":2},"end":{"line":149,"column":4}},"22":{"start":{"line":139,"column":6},"end":{"line":147,"column":22}},"23":{"start":{"line":144,"column":12},"end":{"line":144,"column":53}},"24":{"start":{"line":152,"column":15},"end":{"line":152,"column":36}}},"fnMap":{"0":{"name":"(anonymous_0)","decl":{"start":{"line":10,"column":19},"end":{"line":10,"column":20}},"loc":{"start":{"line":10,"column":29},"end":{"line":35,"column":1}},"line":10},"1":{"name":"(anonymous_1)","decl":{"start":{"line":41,"column":2},"end":{"line":41,"column":3}},"loc":{"start":{"line":41,"column":43},"end":{"line":49,"column":3}},"line":41},"2":{"name":"(anonymous_2)","decl":{"start":{"line":52,"column":2},"end":{"line":52,"column":3}},"loc":{"start":{"line":52,"column":21},"end":{"line":55,"column":3}},"line":52},"3":{"name":"(anonymous_3)","decl":{"start":{"line":59,"column":2},"end":{"line":59,"column":3}},"loc":{"start":{"line":59,"column":22},"end":{"line":70,"column":3}},"line":59},"4":{"name":"(anonymous_4)","decl":{"start":{"line":61,"column":22},"end":{"line":61,"column":23}},"loc":{"start":{"line":61,"column":34},"end":{"line":68,"column":17}},"line":61},"5":{"name":"(anonymous_5)","decl":{"start":{"line":69,"column":23},"end":{"line":69,"column":24}},"loc":{"start":{"line":69,"column":28},"end":{"line":69,"column":44}},"line":69},"6":{"name":"(anonymous_6)","decl":{"start":{"line":72,"column":2},"end":{"line":72,"column":3}},"loc":{"start":{"line":72,"column":31},"end":{"line":84,"column":3}},"line":72},"7":{"name":"(anonymous_7)","decl":{"start":{"line":93,"column":2},"end":{"line":93,"column":3}},"loc":{"start":{"line":93,"column":11},"end":{"line":109,"column":3}},"line":93},"8":{"name":"(anonymous_8)","decl":{"start":{"line":104,"column":24},"end":{"line":104,"column":25}},"loc":{"start":{"line":104,"column":34},"end":{"line":104,"column":51}},"line":104},"9":{"name":"(anonymous_9)","decl":{"start":{"line":135,"column":31},"end":{"line":135,"column":32}},"loc":{"start":{"line":135,"column":51},"end":{"line":150,"column":1}},"line":135},"10":{"name":"(anonymous_10)","decl":{"start":{"line":138,"column":16},"end":{"line":138,"column":17}},"loc":{"start":{"line":139,"column":6},"end":{"line":147,"column":22}},"line":139},"11":{"name":"(anonymous_11)","decl":{"start":{"line":143,"column":19},"end":{"line":143,"column":20}},"loc":{"start":{"line":143,"column":25},"end":{"line":145,"column":11}},"line":143}},"branchMap":{"0":{"loc":{"start":{"line":95,"column":4},"end":{"line":108,"column":5}},"type":"if","locations":[{"start":{"line":95,"column":4},"end":{"line":108,"column":5}},{"start":{"line":95,"column":4},"end":{"line":108,"column":5}}],"line":95}},"s":{"0":1,"1":0,"2":0,"3":0,"4":0,"5":0,"6":0,"7":0,"8":0,"9":0,"10":0,"11":0,"12":0,"13":0,"14":0,"15":0,"16":0,"17":0,"18":0,"19":0,"20":1,"21":0,"22":0,"23":0,"24":1},"f":{"0":0,"1":0,"2":0,"3":0,"4":0,"5":0,"6":0,"7":0,"8":0,"9":0,"10":0,"11":0},"b":{"0":[0,0]},"_coverageSchema":"1a1c01bbd47fc00a2c39e90264f33305004495a9","hash":"3939df534c83118ad74a730e46639a8c798a6d2e"}
,"E:\\orbital\\fluminus-client\\screens\\Login.js": {"path":"E:\\orbital\\fluminus-client\\screens\\Login.js","statementMap":{"0":{"start":{"line":20,"column":20},"end":{"line":23,"column":2}},"1":{"start":{"line":25,"column":15},"end":{"line":85,"column":2}},"2":{"start":{"line":87,"column":18},"end":{"line":93,"column":1}},"3":{"start":{"line":88,"column":2},"end":{"line":92,"column":3}},"4":{"start":{"line":89,"column":4},"end":{"line":89,"column":43}},"5":{"start":{"line":91,"column":4},"end":{"line":91,"column":21}},"6":{"start":{"line":95,"column":24},"end":{"line":105,"column":1}},"7":{"start":{"line":96,"column":2},"end":{"line":104,"column":4}},"8":{"start":{"line":109,"column":4},"end":{"line":109,"column":17}},"9":{"start":{"line":110,"column":4},"end":{"line":118,"column":6}},"10":{"start":{"line":122,"column":4},"end":{"line":122,"column":54}},"11":{"start":{"line":130,"column":4},"end":{"line":130,"column":37}},"12":{"start":{"line":131,"column":20},"end":{"line":131,"column":58}},"13":{"start":{"line":132,"column":17},"end":{"line":135,"column":6}},"14":{"start":{"line":136,"column":4},"end":{"line":160,"column":9}},"15":{"start":{"line":141,"column":26},"end":{"line":141,"column":41}},"16":{"start":{"line":143,"column":8},"end":{"line":156,"column":9}},"17":{"start":{"line":144,"column":10},"end":{"line":149,"column":14}},"18":{"start":{"line":151,"column":10},"end":{"line":151,"column":64}},"19":{"start":{"line":152,"column":10},"end":{"line":154,"column":13}},"20":{"start":{"line":153,"column":12},"end":{"line":153,"column":29}},"21":{"start":{"line":155,"column":10},"end":{"line":155,"column":44}},"22":{"start":{"line":159,"column":8},"end":{"line":159,"column":29}},"23":{"start":{"line":164,"column":4},"end":{"line":264,"column":6}},"24":{"start":{"line":182,"column":38},"end":{"line":182,"column":59}},"25":{"start":{"line":196,"column":44},"end":{"line":196,"column":71}},"26":{"start":{"line":211,"column":18},"end":{"line":211,"column":42}},"27":{"start":{"line":212,"column":18},"end":{"line":212,"column":44}},"28":{"start":{"line":213,"column":18},"end":{"line":213,"column":48}},"29":{"start":{"line":214,"column":18},"end":{"line":255,"column":19}},"30":{"start":{"line":215,"column":20},"end":{"line":215,"column":58}},"31":{"start":{"line":217,"column":20},"end":{"line":217,"column":39}},"32":{"start":{"line":218,"column":20},"end":{"line":254,"column":23}},"33":{"start":{"line":222,"column":22},"end":{"line":222,"column":51}},"34":{"start":{"line":223,"column":22},"end":{"line":253,"column":23}},"35":{"start":{"line":225,"column":24},"end":{"line":225,"column":55}},"36":{"start":{"line":226,"column":24},"end":{"line":226,"column":61}},"37":{"start":{"line":228,"column":24},"end":{"line":248,"column":66}},"38":{"start":{"line":231,"column":46},"end":{"line":231,"column":61}},"39":{"start":{"line":233,"column":43},"end":{"line":233,"column":59}},"40":{"start":{"line":234,"column":28},"end":{"line":234,"column":78}},"41":{"start":{"line":235,"column":39},"end":{"line":235,"column":60}},"42":{"start":{"line":236,"column":28},"end":{"line":236,"column":68}},"43":{"start":{"line":237,"column":44},"end":{"line":237,"column":65}},"44":{"start":{"line":238,"column":28},"end":{"line":238,"column":66}},"45":{"start":{"line":246,"column":28},"end":{"line":246,"column":77}},"46":{"start":{"line":248,"column":44},"end":{"line":248,"column":64}},"47":{"start":{"line":252,"column":24},"end":{"line":252,"column":68}}},"fnMap":{"0":{"name":"(anonymous_0)","decl":{"start":{"line":87,"column":18},"end":{"line":87,"column":19}},"loc":{"start":{"line":87,"column":40},"end":{"line":93,"column":1}},"line":87},"1":{"name":"(anonymous_1)","decl":{"start":{"line":95,"column":24},"end":{"line":95,"column":25}},"loc":{"start":{"line":95,"column":35},"end":{"line":105,"column":1}},"line":95},"2":{"name":"(anonymous_2)","decl":{"start":{"line":108,"column":2},"end":{"line":108,"column":3}},"loc":{"start":{"line":108,"column":21},"end":{"line":119,"column":3}},"line":108},"3":{"name":"(anonymous_3)","decl":{"start":{"line":121,"column":2},"end":{"line":121,"column":3}},"loc":{"start":{"line":121,"column":23},"end":{"line":123,"column":3}},"line":121},"4":{"name":"(anonymous_4)","decl":{"start":{"line":129,"column":2},"end":{"line":129,"column":3}},"loc":{"start":{"line":129,"column":24},"end":{"line":161,"column":3}},"line":129},"5":{"name":"(anonymous_5)","decl":{"start":{"line":141,"column":12},"end":{"line":141,"column":13}},"loc":{"start":{"line":141,"column":26},"end":{"line":141,"column":41}},"line":141},"6":{"name":"(anonymous_6)","decl":{"start":{"line":142,"column":12},"end":{"line":142,"column":13}},"loc":{"start":{"line":142,"column":24},"end":{"line":157,"column":7}},"line":142},"7":{"name":"(anonymous_7)","decl":{"start":{"line":152,"column":53},"end":{"line":152,"column":54}},"loc":{"start":{"line":152,"column":59},"end":{"line":154,"column":11}},"line":152},"8":{"name":"(anonymous_8)","decl":{"start":{"line":158,"column":13},"end":{"line":158,"column":14}},"loc":{"start":{"line":158,"column":24},"end":{"line":160,"column":7}},"line":158},"9":{"name":"(anonymous_9)","decl":{"start":{"line":163,"column":2},"end":{"line":163,"column":3}},"loc":{"start":{"line":163,"column":11},"end":{"line":265,"column":3}},"line":163},"10":{"name":"(anonymous_10)","decl":{"start":{"line":182,"column":30},"end":{"line":182,"column":31}},"loc":{"start":{"line":182,"column":38},"end":{"line":182,"column":59}},"line":182},"11":{"name":"(anonymous_11)","decl":{"start":{"line":196,"column":30},"end":{"line":196,"column":31}},"loc":{"start":{"line":196,"column":44},"end":{"line":196,"column":71}},"line":196},"12":{"name":"(anonymous_12)","decl":{"start":{"line":210,"column":25},"end":{"line":210,"column":26}},"loc":{"start":{"line":210,"column":31},"end":{"line":256,"column":17}},"line":210},"13":{"name":"(anonymous_13)","decl":{"start":{"line":218,"column":31},"end":{"line":218,"column":32}},"loc":{"start":{"line":218,"column":37},"end":{"line":254,"column":21}},"line":218},"14":{"name":"(anonymous_14)","decl":{"start":{"line":231,"column":32},"end":{"line":231,"column":33}},"loc":{"start":{"line":231,"column":46},"end":{"line":231,"column":61}},"line":231},"15":{"name":"(anonymous_15)","decl":{"start":{"line":232,"column":32},"end":{"line":232,"column":33}},"loc":{"start":{"line":232,"column":44},"end":{"line":247,"column":27}},"line":232},"16":{"name":"(anonymous_16)","decl":{"start":{"line":248,"column":33},"end":{"line":248,"column":34}},"loc":{"start":{"line":248,"column":44},"end":{"line":248,"column":64}},"line":248}},"branchMap":{"0":{"loc":{"start":{"line":99,"column":9},"end":{"line":101,"column":36}},"type":"cond-expr","locations":[{"start":{"line":100,"column":12},"end":{"line":100,"column":46}},{"start":{"line":101,"column":12},"end":{"line":101,"column":36}}],"line":99},"1":{"loc":{"start":{"line":143,"column":8},"end":{"line":156,"column":9}},"type":"if","locations":[{"start":{"line":143,"column":8},"end":{"line":156,"column":9}},{"start":{"line":143,"column":8},"end":{"line":156,"column":9}}],"line":143},"2":{"loc":{"start":{"line":201,"column":17},"end":{"line":202,"column":87}},"type":"binary-expr","locations":[{"start":{"line":201,"column":17},"end":{"line":201,"column":52}},{"start":{"line":202,"column":18},"end":{"line":202,"column":87}}],"line":201},"3":{"loc":{"start":{"line":214,"column":18},"end":{"line":255,"column":19}},"type":"if","locations":[{"start":{"line":214,"column":18},"end":{"line":255,"column":19}},{"start":{"line":214,"column":18},"end":{"line":255,"column":19}}],"line":214},"4":{"loc":{"start":{"line":214,"column":22},"end":{"line":214,"column":72}},"type":"binary-expr","locations":[{"start":{"line":214,"column":22},"end":{"line":214,"column":42}},{"start":{"line":214,"column":46},"end":{"line":214,"column":72}}],"line":214},"5":{"loc":{"start":{"line":223,"column":22},"end":{"line":253,"column":23}},"type":"if","locations":[{"start":{"line":223,"column":22},"end":{"line":253,"column":23}},{"start":{"line":223,"column":22},"end":{"line":253,"column":23}}],"line":223}},"s":{"0":1,"1":1,"2":1,"3":0,"4":0,"5":0,"6":1,"7":0,"8":0,"9":0,"10":0,"11":0,"12":0,"13":0,"14":0,"15":0,"16":0,"17":0,"18":0,"19":0,"20":0,"21":0,"22":0,"23":0,"24":0,"25":0,"26":0,"27":0,"28":0,"29":0,"30":0,"31":0,"32":0,"33":0,"34":0,"35":0,"36":0,"37":0,"38":0,"39":0,"40":0,"41":0,"42":0,"43":0,"44":0,"45":0,"46":0,"47":0},"f":{"0":0,"1":0,"2":0,"3":0,"4":0,"5":0,"6":0,"7":0,"8":0,"9":0,"10":0,"11":0,"12":0,"13":0,"14":0,"15":0,"16":0},"b":{"0":[0,0],"1":[0,0],"2":[0,0],"3":[0,0],"4":[0,0],"5":[0,0]},"_coverageSchema":"1a1c01bbd47fc00a2c39e90264f33305004495a9","hash":"c95136681bacd7040e6d0fa73a3e917bf58c6aae"}
,"E:\\orbital\\fluminus-client\\screens\\Logout.js": {"path":"E:\\orbital\\fluminus-client\\screens\\Logout.js","statementMap":{"0":{"start":{"line":7,"column":21},"end":{"line":14,"column":1}},"1":{"start":{"line":8,"column":4},"end":{"line":13,"column":5}},"2":{"start":{"line":9,"column":21},"end":{"line":9,"column":52}},"3":{"start":{"line":10,"column":8},"end":{"line":10,"column":45}},"4":{"start":{"line":12,"column":8},"end":{"line":12,"column":50}},"5":{"start":{"line":16,"column":28},"end":{"line":19,"column":2}},"6":{"start":{"line":23,"column":8},"end":{"line":23,"column":21}},"7":{"start":{"line":24,"column":8},"end":{"line":26,"column":10}},"8":{"start":{"line":30,"column":8},"end":{"line":30,"column":23}},"9":{"start":{"line":31,"column":8},"end":{"line":31,"column":40}},"10":{"start":{"line":32,"column":8},"end":{"line":32,"column":60}},"11":{"start":{"line":36,"column":8},"end":{"line":40,"column":10}}},"fnMap":{"0":{"name":"(anonymous_0)","decl":{"start":{"line":7,"column":21},"end":{"line":7,"column":22}},"loc":{"start":{"line":7,"column":33},"end":{"line":14,"column":1}},"line":7},"1":{"name":"(anonymous_1)","decl":{"start":{"line":22,"column":4},"end":{"line":22,"column":5}},"loc":{"start":{"line":22,"column":23},"end":{"line":27,"column":5}},"line":22},"2":{"name":"(anonymous_2)","decl":{"start":{"line":29,"column":4},"end":{"line":29,"column":5}},"loc":{"start":{"line":29,"column":24},"end":{"line":33,"column":5}},"line":29},"3":{"name":"(anonymous_3)","decl":{"start":{"line":35,"column":4},"end":{"line":35,"column":5}},"loc":{"start":{"line":35,"column":13},"end":{"line":41,"column":5}},"line":35}},"branchMap":{},"s":{"0":1,"1":0,"2":0,"3":0,"4":0,"5":1,"6":0,"7":0,"8":0,"9":0,"10":0,"11":0},"f":{"0":0,"1":0,"2":0,"3":0},"b":{},"_coverageSchema":"1a1c01bbd47fc00a2c39e90264f33305004495a9","hash":"f4adb76647017312769064167d562f23f5d2a2b3"}
,"E:\\orbital\\fluminus-client\\screens\\MediaScreen.js": {"path":"E:\\orbital\\fluminus-client\\screens\\MediaScreen.js","statementMap":{"0":{"start":{"line":10,"column":20},"end":{"line":20,"column":1}},"1":{"start":{"line":11,"column":22},"end":{"line":13,"column":3}},"2":{"start":{"line":12,"column":4},"end":{"line":12,"column":57}},"3":{"start":{"line":15,"column":2},"end":{"line":19,"column":4}},"4":{"start":{"line":22,"column":0},"end":{"line":26,"column":2}},"5":{"start":{"line":23,"column":2},"end":{"line":25,"column":4}},"6":{"start":{"line":28,"column":15},"end":{"line":32,"column":2}}},"fnMap":{"0":{"name":"(anonymous_0)","decl":{"start":{"line":10,"column":20},"end":{"line":10,"column":21}},"loc":{"start":{"line":10,"column":31},"end":{"line":20,"column":1}},"line":10},"1":{"name":"(anonymous_1)","decl":{"start":{"line":11,"column":22},"end":{"line":11,"column":23}},"loc":{"start":{"line":11,"column":36},"end":{"line":13,"column":3}},"line":11},"2":{"name":"(anonymous_2)","decl":{"start":{"line":22,"column":32},"end":{"line":22,"column":33}},"loc":{"start":{"line":22,"column":52},"end":{"line":26,"column":1}},"line":22}},"branchMap":{},"s":{"0":1,"1":0,"2":0,"3":0,"4":1,"5":0,"6":1},"f":{"0":0,"1":0,"2":0},"b":{},"_coverageSchema":"1a1c01bbd47fc00a2c39e90264f33305004495a9","hash":"b9291a8c5b2b1ef05f19c5525e88c7748f5ab4fb"}
,"E:\\orbital\\fluminus-client\\screens\\ModuleScreen.js": {"path":"E:\\orbital\\fluminus-client\\screens\\ModuleScreen.js","statementMap":{"0":{"start":{"line":12,"column":8},"end":{"line":12,"column":21}},"1":{"start":{"line":13,"column":8},"end":{"line":15,"column":10}},"2":{"start":{"line":23,"column":8},"end":{"line":34,"column":9}},"3":{"start":{"line":24,"column":24},"end":{"line":24,"column":66}},"4":{"start":{"line":25,"column":16},"end":{"line":29,"column":18}},"5":{"start":{"line":30,"column":15},"end":{"line":34,"column":9}},"6":{"start":{"line":31,"column":12},"end":{"line":33,"column":14}},"7":{"start":{"line":39,"column":8},"end":{"line":43,"column":9}}},"fnMap":{"0":{"name":"(anonymous_0)","decl":{"start":{"line":11,"column":4},"end":{"line":11,"column":5}},"loc":{"start":{"line":11,"column":23},"end":{"line":16,"column":5}},"line":11},"1":{"name":"(anonymous_1)","decl":{"start":{"line":18,"column":4},"end":{"line":18,"column":5}},"loc":{"start":{"line":18,"column":24},"end":{"line":20,"column":5}},"line":18},"2":{"name":"(anonymous_2)","decl":{"start":{"line":22,"column":4},"end":{"line":22,"column":5}},"loc":{"start":{"line":22,"column":17},"end":{"line":35,"column":5}},"line":22},"3":{"name":"(anonymous_3)","decl":{"start":{"line":37,"column":4},"end":{"line":37,"column":5}},"loc":{"start":{"line":37,"column":13},"end":{"line":44,"column":5}},"line":37}},"branchMap":{"0":{"loc":{"start":{"line":23,"column":8},"end":{"line":34,"column":9}},"type":"if","locations":[{"start":{"line":23,"column":8},"end":{"line":34,"column":9}},{"start":{"line":23,"column":8},"end":{"line":34,"column":9}}],"line":23},"1":{"loc":{"start":{"line":30,"column":15},"end":{"line":34,"column":9}},"type":"if","locations":[{"start":{"line":30,"column":15},"end":{"line":34,"column":9}},{"start":{"line":30,"column":15},"end":{"line":34,"column":9}}],"line":30}},"s":{"0":0,"1":0,"2":0,"3":0,"4":0,"5":0,"6":0,"7":0},"f":{"0":0,"1":0,"2":0,"3":0},"b":{"0":[0,0],"1":[0,0]}}
,"E:\\orbital\\fluminus-client\\screens\\ModulesSelectionScreen.js": {"path":"E:\\orbital\\fluminus-client\\screens\\ModulesSelectionScreen.js","statementMap":{"0":{"start":{"line":11,"column":19},"end":{"line":11,"column":50}},"1":{"start":{"line":15,"column":4},"end":{"line":15,"column":17}},"2":{"start":{"line":16,"column":4},"end":{"line":19,"column":6}},"3":{"start":{"line":23,"column":4},"end":{"line":31,"column":38}},"4":{"start":{"line":24,"column":25},"end":{"line":24,"column":44}},"5":{"start":{"line":26,"column":8},"end":{"line":29,"column":11}},"6":{"start":{"line":31,"column":20},"end":{"line":31,"column":36}},"7":{"start":{"line":34,"column":14},"end":{"line":53,"column":3}},"8":{"start":{"line":35,"column":4},"end":{"line":52,"column":6}},"9":{"start":{"line":40,"column":14},"end":{"line":45,"column":17}},"10":{"start":{"line":56,"column":4},"end":{"line":66,"column":5}},"11":{"start":{"line":57,"column":6},"end":{"line":57,"column":55}},"12":{"start":{"line":59,"column":6},"end":{"line":65,"column":8}},"13":{"start":{"line":63,"column":41},"end":{"line":63,"column":57}},"14":{"start":{"line":70,"column":0},"end":{"line":85,"column":2}},"15":{"start":{"line":71,"column":2},"end":{"line":84,"column":4}},"16":{"start":{"line":74,"column":6},"end":{"line":82,"column":22}},"17":{"start":{"line":79,"column":12},"end":{"line":79,"column":53}},"18":{"start":{"line":87,"column":15},"end":{"line":92,"column":2}}},"fnMap":{"0":{"name":"(anonymous_0)","decl":{"start":{"line":14,"column":2},"end":{"line":14,"column":3}},"loc":{"start":{"line":14,"column":21},"end":{"line":20,"column":3}},"line":14},"1":{"name":"(anonymous_1)","decl":{"start":{"line":22,"column":2},"end":{"line":22,"column":3}},"loc":{"start":{"line":22,"column":22},"end":{"line":32,"column":3}},"line":22},"2":{"name":"(anonymous_2)","decl":{"start":{"line":24,"column":12},"end":{"line":24,"column":13}},"loc":{"start":{"line":24,"column":25},"end":{"line":24,"column":44}},"line":24},"3":{"name":"(anonymous_3)","decl":{"start":{"line":25,"column":12},"end":{"line":25,"column":13}},"loc":{"start":{"line":25,"column":22},"end":{"line":30,"column":7}},"line":25},"4":{"name":"(anonymous_4)","decl":{"start":{"line":31,"column":13},"end":{"line":31,"column":14}},"loc":{"start":{"line":31,"column":20},"end":{"line":31,"column":36}},"line":31},"5":{"name":"(anonymous_5)","decl":{"start":{"line":34,"column":14},"end":{"line":34,"column":15}},"loc":{"start":{"line":34,"column":28},"end":{"line":53,"column":3}},"line":34},"6":{"name":"(anonymous_6)","decl":{"start":{"line":39,"column":21},"end":{"line":39,"column":22}},"loc":{"start":{"line":39,"column":27},"end":{"line":46,"column":13}},"line":39},"7":{"name":"(anonymous_7)","decl":{"start":{"line":55,"column":2},"end":{"line":55,"column":3}},"loc":{"start":{"line":55,"column":11},"end":{"line":67,"column":3}},"line":55},"8":{"name":"(anonymous_8)","decl":{"start":{"line":63,"column":24},"end":{"line":63,"column":25}},"loc":{"start":{"line":63,"column":41},"end":{"line":63,"column":57}},"line":63},"9":{"name":"(anonymous_9)","decl":{"start":{"line":70,"column":43},"end":{"line":70,"column":44}},"loc":{"start":{"line":70,"column":63},"end":{"line":85,"column":1}},"line":70},"10":{"name":"(anonymous_10)","decl":{"start":{"line":73,"column":16},"end":{"line":73,"column":17}},"loc":{"start":{"line":74,"column":6},"end":{"line":82,"column":22}},"line":74},"11":{"name":"(anonymous_11)","decl":{"start":{"line":78,"column":19},"end":{"line":78,"column":20}},"loc":{"start":{"line":78,"column":25},"end":{"line":80,"column":11}},"line":78}},"branchMap":{"0":{"loc":{"start":{"line":56,"column":4},"end":{"line":66,"column":5}},"type":"if","locations":[{"start":{"line":56,"column":4},"end":{"line":66,"column":5}},{"start":{"line":56,"column":4},"end":{"line":66,"column":5}}],"line":56}},"s":{"0":1,"1":0,"2":0,"3":0,"4":0,"5":0,"6":0,"7":0,"8":0,"9":0,"10":0,"11":0,"12":0,"13":0,"14":1,"15":0,"16":0,"17":0,"18":1},"f":{"0":0,"1":0,"2":0,"3":0,"4":0,"5":0,"6":0,"7":0,"8":0,"9":0,"10":0,"11":0},"b":{"0":[0,0]},"_coverageSchema":"1a1c01bbd47fc00a2c39e90264f33305004495a9","hash":"644712453f89623debc578ae4d5fb2347a5e152d"}
,"E:\\orbital\\fluminus-client\\screens\\TBD.js": {"path":"E:\\orbital\\fluminus-client\\screens\\TBD.js","statementMap":{"0":{"start":{"line":7,"column":12},"end":{"line":13,"column":1}},"1":{"start":{"line":8,"column":2},"end":{"line":12,"column":4}},"2":{"start":{"line":15,"column":0},"end":{"line":19,"column":2}},"3":{"start":{"line":16,"column":2},"end":{"line":18,"column":4}}},"fnMap":{"0":{"name":"(anonymous_0)","decl":{"start":{"line":7,"column":12},"end":{"line":7,"column":13}},"loc":{"start":{"line":7,"column":23},"end":{"line":13,"column":1}},"line":7},"1":{"name":"(anonymous_1)","decl":{"start":{"line":15,"column":24},"end":{"line":15,"column":25}},"loc":{"start":{"line":15,"column":44},"end":{"line":19,"column":1}},"line":15}},"branchMap":{},"s":{"0":1,"1":0,"2":1,"3":0},"f":{"0":0,"1":0},"b":{},"_coverageSchema":"1a1c01bbd47fc00a2c39e90264f33305004495a9","hash":"6540ee4326f7f906e2b5c0fe3a13e2e75966584e"}
,"E:\\orbital\\fluminus-client\\web-build\\register-service-worker.js": {"path":"E:\\orbital\\fluminus-client\\web-build\\register-service-worker.js","statementMap":{"0":{"start":{"line":3,"column":0},"end":{"line":14,"column":1}},"1":{"start":{"line":4,"column":2},"end":{"line":13,"column":5}},"2":{"start":{"line":5,"column":4},"end":{"line":12,"column":9}},"3":{"start":{"line":11,"column":8},"end":{"line":11,"column":65}}},"fnMap":{"0":{"name":"(anonymous_0)","decl":{"start":{"line":4,"column":34},"end":{"line":4,"column":35}},"loc":{"start":{"line":4,"column":45},"end":{"line":13,"column":3}},"line":4},"1":{"name":"(anonymous_1)","decl":{"start":{"line":7,"column":12},"end":{"line":7,"column":13}},"loc":{"start":{"line":7,"column":27},"end":{"line":9,"column":7}},"line":7},"2":{"name":"(anonymous_2)","decl":{"start":{"line":10,"column":13},"end":{"line":10,"column":14}},"loc":{"start":{"line":10,"column":29},"end":{"line":12,"column":7}},"line":10}},"branchMap":{"0":{"loc":{"start":{"line":3,"column":0},"end":{"line":14,"column":1}},"type":"if","locations":[{"start":{"line":3,"column":0},"end":{"line":14,"column":1}},{"start":{"line":3,"column":0},"end":{"line":14,"column":1}}],"line":3}},"s":{"0":0,"1":0,"2":0,"3":0},"f":{"0":0,"1":0,"2":0},"b":{"0":[0,0]}}
}
