TN:
SF:App.js
FN:8,App
FNF:1
FNH:0
FNDA:0,App
DA:6,1
DA:7,1
DA:9,0
LF:3
LH:2
BRF:0
BRH:0
end_of_record
TN:
SF:components\AnnouncementGridTile.js
FN:4,(anonymous_0)
FNF:1
FNH:0
FNDA:0,(anonymous_0)
DA:4,1
DA:5,0
DA:14,1
LF:3
LH:2
BRF:0
BRH:0
end_of_record
TN:
SF:components\FolderGridTile.js
FN:22,(anonymous_0)
FN:56,(anonymous_1)
FN:65,(anonymous_2)
FN:107,(anonymous_3)
FN:127,(anonymous_4)
FN:133,(anonymous_5)
FN:148,(anonymous_6)
FN:157,(anonymous_7)
FN:176,(anonymous_8)
FNF:9
FNH:0
FNDA:0,(anonymous_0)
FNDA:0,(anonymous_1)
FNDA:0,(anonymous_2)
FNDA:0,(anonymous_3)
FNDA:0,(anonymous_4)
FNDA:0,(anonymous_5)
FNDA:0,(anonymous_6)
FNDA:0,(anonymous_7)
FNDA:0,(anonymous_8)
DA:24,0
DA:25,0
DA:56,0
DA:57,0
DA:58,0
DA:59,0
DA:62,0
DA:66,0
DA:67,0
DA:68,0
DA:70,0
DA:77,0
DA:78,0
DA:80,0
DA:107,0
DA:108,0
DA:128,0
DA:129,0
DA:130,0
DA:134,0
DA:135,0
DA:136,0
DA:149,0
DA:152,0
DA:158,0
DA:159,0
DA:176,0
DA:220,1
LF:28
LH:1
BRDA:58,0,0,0
BRDA:58,0,1,0
BRDA:58,1,0,0
BRDA:58,1,1,0
BRDA:66,2,0,0
BRDA:66,2,1,0
BRDA:71,3,0,0
BRDA:71,3,1,0
BRDA:77,4,0,0
BRDA:77,4,1,0
BRDA:95,5,0,0
BRDA:95,5,1,0
BRDA:122,6,0,0
BRDA:122,6,1,0
BRDA:129,7,0,0
BRDA:129,7,1,0
BRDA:154,8,0,0
BRDA:154,8,1,0
BRDA:160,9,0,0
BRDA:160,9,1,0
BRDA:229,10,0,0
BRDA:229,10,1,1
BRDA:229,11,0,1
BRDA:229,11,1,0
BRF:24
BRH:2
end_of_record
TN:
SF:components\FriendGridTile.js
FN:11,(anonymous_0)
FNF:1
FNH:0
FNDA:0,(anonymous_0)
DA:11,1
DA:12,0
DA:13,0
DA:14,0
DA:17,0
DA:30,1
LF:6
LH:2
BRDA:13,0,0,0
BRDA:13,0,1,0
BRDA:13,1,0,0
BRDA:13,1,1,0
BRDA:37,2,0,0
BRDA:37,2,1,1
BRDA:37,3,0,1
BRDA:37,3,1,0
BRF:8
BRH:2
end_of_record
TN:
SF:components\HeaderButton.js
FN:8,(anonymous_0)
FNF:1
FNH:0
FNDA:0,(anonymous_0)
DA:8,1
DA:9,0
LF:2
LH:1
BRDA:14,0,0,0
BRDA:14,0,1,0
BRF:2
BRH:0
end_of_record
TN:
SF:components\Loader.js
FN:28,(anonymous_0)
FNF:1
FNH:0
FNDA:0,(anonymous_0)
DA:9,1
DA:28,1
DA:32,0
DA:34,0
LF:4
LH:2
BRF:0
BRH:0
end_of_record
TN:
SF:components\MediaGridTile.js
FN:4,(anonymous_0)
FNF:1
FNH:0
FNDA:0,(anonymous_0)
DA:4,1
DA:5,0
DA:14,1
LF:3
LH:2
BRF:0
BRH:0
end_of_record
TN:
SF:components\ModuleGridTile.js
FN:11,(anonymous_0)
FNF:1
FNH:0
FNDA:0,(anonymous_0)
DA:11,0
DA:12,0
DA:14,0
DA:15,0
DA:18,0
DA:33,0
LF:6
LH:0
BRDA:14,0,0,0
BRDA:14,0,1,0
BRDA:14,1,0,0
BRDA:14,1,1,0
BRDA:40,2,0,0
BRDA:40,2,1,0
BRDA:40,3,0,0
BRDA:40,3,1,0
BRF:8
BRH:0
end_of_record
TN:
SF:components\ScheduleItemTile.js
FN:11,(anonymous_0)
FNF:1
FNH:0
FNDA:0,(anonymous_0)
DA:11,0
DA:12,0
DA:14,0
DA:15,0
DA:18,0
DA:31,0
LF:6
LH:0
BRDA:14,0,0,0
BRDA:14,0,1,0
BRDA:14,1,0,0
BRDA:14,1,1,0
BRDA:38,2,0,0
BRDA:38,2,1,0
BRDA:38,3,0,0
BRDA:38,3,1,0
BRF:8
BRH:0
end_of_record
TN:
SF:components\Timetable.js
FN:19,(anonymous_0)
FN:39,(anonymous_1)
FN:45,(anonymous_2)
FN:51,(anonymous_3)
FNF:4
FNH:0
FNDA:0,(anonymous_0)
FNDA:0,(anonymous_1)
FNDA:0,(anonymous_2)
FNDA:0,(anonymous_3)
DA:5,0
DA:6,0
DA:19,0
DA:20,0
DA:40,0
DA:46,0
DA:51,0
LF:7
LH:0
BRF:0
BRH:0
end_of_record
TN:
SF:constants\Colors.js
FNF:0
FNH:0
LF:0
LH:0
BRF:0
BRH:0
end_of_record
TN:
SF:constants\URLs.js
FNF:0
FNH:0
DA:1,1
DA:2,1
DA:3,1
DA:4,1
DA:5,1
LF:5
LH:5
BRF:0
BRH:0
end_of_record
TN:
SF:data\dummy-data.js
FNF:0
FNH:0
DA:9,1
DA:14,1
DA:19,1
DA:28,1
DA:32,1
DA:36,1
DA:41,1
LF:7
LH:7
BRF:0
BRH:0
end_of_record
TN:
SF:models\AnnouncementItem.js
FN:2,(anonymous_0)
FNF:1
FNH:1
FNDA:1,(anonymous_0)
DA:3,1
DA:4,1
DA:5,1
DA:6,1
LF:4
LH:4
BRF:0
BRH:0
end_of_record
TN:
SF:models\FileItem.js
FN:2,(anonymous_0)
FNF:1
FNH:1
FNDA:1,(anonymous_0)
DA:3,1
DA:4,1
DA:5,1
DA:6,1
LF:4
LH:4
BRF:0
BRH:0
end_of_record
TN:
SF:models\FolderItem.js
FN:2,(anonymous_0)
FNF:1
FNH:1
FNDA:2,(anonymous_0)
DA:3,2
DA:4,2
DA:5,2
LF:3
LH:3
BRF:0
BRH:0
end_of_record
TN:
SF:models\FriendItem.js
FN:2,(anonymous_0)
FNF:1
FNH:1
FNDA:2,(anonymous_0)
DA:3,2
DA:4,2
DA:5,2
LF:3
LH:3
BRF:0
BRH:0
end_of_record
TN:
SF:models\MediaItem.js
FN:2,(anonymous_0)
FNF:1
FNH:1
FNDA:1,(anonymous_0)
DA:3,1
DA:4,1
DA:5,1
DA:6,1
LF:4
LH:4
BRF:0
BRH:0
end_of_record
TN:
SF:models\ModuleItem.js
FN:2,(anonymous_0)
FNF:1
FNH:1
FNDA:2,(anonymous_0)
DA:3,2
DA:4,2
DA:5,2
LF:3
LH:3
BRF:0
BRH:0
end_of_record
TN:
SF:models\ScheduleItem.js
FN:2,(anonymous_0)
FNF:1
FNH:1
FNDA:2,(anonymous_0)
DA:3,2
DA:4,2
DA:5,2
DA:6,2
LF:4
LH:4
BRF:0
BRH:0
end_of_record
TN:
SF:navigation\AppNavigator.js
FN:55,(anonymous_0)
FN:69,(anonymous_1)
FNF:2
FNH:0
FNDA:0,(anonymous_0)
FNDA:0,(anonymous_1)
DA:24,1
DA:50,1
DA:56,0
DA:70,0
DA:106,1
DA:123,1
DA:139,1
DA:173,1
LF:8
LH:6
BRDA:32,0,0,0
BRDA:32,0,1,1
BRDA:35,1,0,0
BRDA:35,1,1,1
BRDA:91,2,0,0
BRDA:91,2,1,1
BRDA:94,3,0,0
BRDA:94,3,1,1
BRDA:115,4,0,0
BRDA:115,4,1,1
BRDA:118,5,0,0
BRDA:118,5,1,1
BRDA:131,6,0,0
BRDA:131,6,1,1
BRDA:134,7,0,0
BRDA:134,7,1,1
BRF:16
BRH:8
end_of_record
TN:
SF:screens\AnnouncementInfoScreen.js
FN:4,(anonymous_0)
FNF:1
FNH:0
FNDA:0,(anonymous_0)
DA:4,1
DA:5,0
DA:12,1
LF:3
LH:2
BRF:0
BRH:0
end_of_record
TN:
SF:screens\AnnouncementScreen.js
FN:15,(anonymous_0)
FN:16,(anonymous_1)
FN:42,(anonymous_2)
FN:50,(anonymous_3)
FN:63,(anonymous_4)
FN:66,(anonymous_5)
FN:67,(anonymous_6)
FN:74,(anonymous_7)
FN:82,(anonymous_8)
FN:83,(anonymous_9)
FN:88,(anonymous_10)
FN:90,(anonymous_11)
FN:94,(anonymous_12)
FN:95,(anonymous_13)
FN:96,(anonymous_14)
FN:99,(anonymous_15)
FN:105,(anonymous_16)
FN:120,(anonymous_17)
FN:131,(anonymous_18)
FN:136,(anonymous_19)
FNF:20
FNH:0
FNDA:0,(anonymous_0)
FNDA:0,(anonymous_1)
FNDA:0,(anonymous_2)
FNDA:0,(anonymous_3)
FNDA:0,(anonymous_4)
FNDA:0,(anonymous_5)
FNDA:0,(anonymous_6)
FNDA:0,(anonymous_7)
FNDA:0,(anonymous_8)
FNDA:0,(anonymous_9)
FNDA:0,(anonymous_10)
FNDA:0,(anonymous_11)
FNDA:0,(anonymous_12)
FNDA:0,(anonymous_13)
FNDA:0,(anonymous_14)
FNDA:0,(anonymous_15)
FNDA:0,(anonymous_16)
FNDA:0,(anonymous_17)
FNDA:0,(anonymous_18)
FNDA:0,(anonymous_19)
DA:15,1
DA:16,0
DA:17,0
DA:20,0
DA:28,1
DA:43,0
DA:44,0
DA:51,0
DA:52,0
DA:54,0
DA:58,0
DA:64,0
DA:66,0
DA:68,0
DA:69,0
DA:71,0
DA:75,0
DA:76,0
DA:80,0
DA:82,0
DA:83,0
DA:89,0
DA:92,0
DA:94,0
DA:95,0
DA:96,0
DA:100,0
DA:101,0
DA:103,0
DA:106,0
DA:120,1
DA:121,0
DA:131,1
DA:132,0
DA:134,0
DA:137,0
LF:36
LH:4
BRDA:75,0,0,0
BRDA:75,0,1,0
BRDA:100,1,0,0
BRDA:100,1,1,0
BRF:4
BRH:0
end_of_record
TN:
SF:screens\FileScreen.js
FN:4,(anonymous_0)
FNF:1
FNH:0
FNDA:0,(anonymous_0)
DA:4,1
DA:6,0
DA:13,1
LF:3
LH:2
BRF:0
BRH:0
end_of_record
TN:
SF:screens\FolderScreen.js
FN:10,(anonymous_0)
FN:23,(anonymous_1)
FN:26,(anonymous_2)
FN:37,(anonymous_3)
FN:39,(anonymous_4)
FN:40,(anonymous_5)
FN:42,(anonymous_6)
FN:46,(anonymous_7)
FN:56,(anonymous_8)
FN:59,(anonymous_9)
FN:60,(anonymous_10)
FN:61,(anonymous_11)
FN:65,(anonymous_12)
FN:68,(anonymous_13)
FN:74,(anonymous_14)
FNF:15
FNH:0
FNDA:0,(anonymous_0)
FNDA:0,(anonymous_1)
FNDA:0,(anonymous_2)
FNDA:0,(anonymous_3)
FNDA:0,(anonymous_4)
FNDA:0,(anonymous_5)
FNDA:0,(anonymous_6)
FNDA:0,(anonymous_7)
FNDA:0,(anonymous_8)
FNDA:0,(anonymous_9)
FNDA:0,(anonymous_10)
FNDA:0,(anonymous_11)
FNDA:0,(anonymous_12)
FNDA:0,(anonymous_13)
FNDA:0,(anonymous_14)
DA:11,0
DA:12,0
DA:21,0
DA:23,0
DA:24,0
DA:27,0
DA:38,0
DA:39,0
DA:40,0
DA:43,0
DA:47,0
DA:57,0
DA:59,0
DA:60,0
DA:62,0
DA:65,0
DA:69,0
DA:70,0
DA:71,0
DA:75,0
DA:76,0
DA:82,0
LF:22
LH:0
BRDA:75,0,0,0
BRDA:75,0,1,0
BRF:2
BRH:0
end_of_record
TN:
SF:screens\FriendScreen.js
FN:9,(anonymous_0)
FN:10,(anonymous_1)
FN:14,(anonymous_2)
FN:31,(anonymous_3)
FN:34,(anonymous_4)
FN:39,(anonymous_5)
FNF:6
FNH:0
FNDA:0,(anonymous_0)
FNDA:0,(anonymous_1)
FNDA:0,(anonymous_2)
FNDA:0,(anonymous_3)
FNDA:0,(anonymous_4)
FNDA:0,(anonymous_5)
DA:9,1
DA:10,0
DA:11,0
DA:15,0
DA:26,0
DA:31,1
DA:32,0
DA:35,0
DA:40,0
DA:48,1
LF:10
LH:3
BRF:0
BRH:0
end_of_record
TN:
SF:screens\GradeScreen.js
FN:4,(anonymous_0)
FN:12,(anonymous_1)
FNF:2
FNH:0
FNDA:0,(anonymous_0)
FNDA:0,(anonymous_1)
DA:4,0
DA:5,0
DA:12,0
DA:13,0
DA:18,0
LF:5
LH:0
BRF:0
BRH:0
end_of_record
TN:
SF:screens\Homescreen.js
FN:10,(anonymous_0)
FN:41,(anonymous_1)
FN:52,(anonymous_2)
FN:59,(anonymous_3)
FN:61,(anonymous_4)
FN:69,(anonymous_5)
FN:72,(anonymous_6)
FN:93,(anonymous_7)
FN:104,(anonymous_8)
FN:135,(anonymous_9)
FN:138,(anonymous_10)
FN:143,(anonymous_11)
FNF:12
FNH:0
FNDA:0,(anonymous_0)
FNDA:0,(anonymous_1)
FNDA:0,(anonymous_2)
FNDA:0,(anonymous_3)
FNDA:0,(anonymous_4)
FNDA:0,(anonymous_5)
FNDA:0,(anonymous_6)
FNDA:0,(anonymous_7)
FNDA:0,(anonymous_8)
FNDA:0,(anonymous_9)
FNDA:0,(anonymous_10)
FNDA:0,(anonymous_11)
DA:10,1
DA:13,0
DA:42,0
DA:53,0
DA:54,0
DA:60,0
DA:63,0
DA:64,0
DA:67,0
DA:69,0
DA:73,0
DA:74,0
DA:76,0
DA:78,0
DA:79,0
DA:83,0
DA:95,0
DA:96,0
DA:100,0
DA:104,0
DA:135,1
DA:136,0
DA:139,0
DA:144,0
DA:152,1
LF:25
LH:3
BRDA:95,0,0,0
BRDA:95,0,1,0
BRF:2
BRH:0
end_of_record
TN:
SF:screens\Login.js
FN:87,(anonymous_0)
FN:95,(anonymous_1)
FN:108,(anonymous_2)
FN:121,(anonymous_3)
FN:129,(anonymous_4)
FN:141,(anonymous_5)
FN:142,(anonymous_6)
FN:152,(anonymous_7)
FN:158,(anonymous_8)
FN:163,(anonymous_9)
FN:182,(anonymous_10)
FN:196,(anonymous_11)
FN:210,(anonymous_12)
FN:218,(anonymous_13)
FN:231,(anonymous_14)
FN:232,(anonymous_15)
FN:248,(anonymous_16)
FNF:17
FNH:0
FNDA:0,(anonymous_0)
FNDA:0,(anonymous_1)
FNDA:0,(anonymous_2)
FNDA:0,(anonymous_3)
FNDA:0,(anonymous_4)
FNDA:0,(anonymous_5)
FNDA:0,(anonymous_6)
FNDA:0,(anonymous_7)
FNDA:0,(anonymous_8)
FNDA:0,(anonymous_9)
FNDA:0,(anonymous_10)
FNDA:0,(anonymous_11)
FNDA:0,(anonymous_12)
FNDA:0,(anonymous_13)
FNDA:0,(anonymous_14)
FNDA:0,(anonymous_15)
FNDA:0,(anonymous_16)
DA:20,1
DA:25,1
DA:87,1
DA:88,0
DA:89,0
DA:91,0
DA:95,1
DA:96,0
DA:109,0
DA:110,0
DA:122,0
DA:130,0
DA:131,0
DA:132,0
DA:136,0
DA:141,0
DA:143,0
DA:144,0
DA:151,0
DA:152,0
DA:153,0
DA:155,0
DA:159,0
DA:164,0
DA:182,0
DA:196,0
DA:211,0
DA:212,0
DA:213,0
DA:214,0
DA:215,0
DA:217,0
DA:218,0
DA:222,0
DA:223,0
DA:225,0
DA:226,0
DA:228,0
DA:231,0
DA:233,0
DA:234,0
DA:235,0
DA:236,0
DA:237,0
DA:238,0
DA:246,0
DA:248,0
DA:252,0
LF:48
LH:4
BRDA:99,0,0,0
BRDA:99,0,1,0
BRDA:143,1,0,0
BRDA:143,1,1,0
BRDA:201,2,0,0
BRDA:201,2,1,0
BRDA:214,3,0,0
BRDA:214,3,1,0
BRDA:214,4,0,0
BRDA:214,4,1,0
BRDA:223,5,0,0
BRDA:223,5,1,0
BRF:12
BRH:0
end_of_record
TN:
SF:screens\Logout.js
FN:7,(anonymous_0)
FN:22,(anonymous_1)
FN:29,(anonymous_2)
FN:35,(anonymous_3)
FNF:4
FNH:0
FNDA:0,(anonymous_0)
FNDA:0,(anonymous_1)
FNDA:0,(anonymous_2)
FNDA:0,(anonymous_3)
DA:7,1
DA:8,0
DA:9,0
DA:10,0
DA:12,0
DA:16,1
DA:23,0
DA:24,0
DA:30,0
DA:31,0
DA:32,0
DA:36,0
LF:12
LH:2
BRF:0
BRH:0
end_of_record
TN:
SF:screens\MediaScreen.js
FN:10,(anonymous_0)
FN:11,(anonymous_1)
FN:22,(anonymous_2)
FNF:3
FNH:0
FNDA:0,(anonymous_0)
FNDA:0,(anonymous_1)
FNDA:0,(anonymous_2)
DA:10,1
DA:11,0
DA:12,0
DA:15,0
DA:22,1
DA:23,0
DA:28,1
LF:7
LH:3
BRF:0
BRH:0
end_of_record
TN:
SF:screens\ModuleScreen.js
FN:11,(anonymous_0)
FN:18,(anonymous_1)
FN:22,(anonymous_2)
FN:37,(anonymous_3)
FNF:4
FNH:0
FNDA:0,(anonymous_0)
FNDA:0,(anonymous_1)
FNDA:0,(anonymous_2)
FNDA:0,(anonymous_3)
DA:12,0
DA:13,0
DA:23,0
DA:24,0
DA:25,0
DA:30,0
DA:31,0
DA:39,0
LF:8
LH:0
BRDA:23,0,0,0
BRDA:23,0,1,0
BRDA:30,1,0,0
BRDA:30,1,1,0
BRF:4
BRH:0
end_of_record
TN:
SF:screens\ModulesSelectionScreen.js
FN:14,(anonymous_0)
FN:22,(anonymous_1)
FN:24,(anonymous_2)
FN:25,(anonymous_3)
FN:31,(anonymous_4)
FN:34,(anonymous_5)
FN:39,(anonymous_6)
FN:55,(anonymous_7)
FN:63,(anonymous_8)
FN:70,(anonymous_9)
FN:73,(anonymous_10)
FN:78,(anonymous_11)
FNF:12
FNH:0
FNDA:0,(anonymous_0)
FNDA:0,(anonymous_1)
FNDA:0,(anonymous_2)
FNDA:0,(anonymous_3)
FNDA:0,(anonymous_4)
FNDA:0,(anonymous_5)
FNDA:0,(anonymous_6)
FNDA:0,(anonymous_7)
FNDA:0,(anonymous_8)
FNDA:0,(anonymous_9)
FNDA:0,(anonymous_10)
FNDA:0,(anonymous_11)
DA:11,1
DA:15,0
DA:16,0
DA:23,0
DA:24,0
DA:26,0
DA:31,0
DA:34,0
DA:35,0
DA:40,0
DA:56,0
DA:57,0
DA:59,0
DA:63,0
DA:70,1
DA:71,0
DA:74,0
DA:79,0
DA:87,1
LF:19
LH:3
BRDA:56,0,0,0
BRDA:56,0,1,0
BRF:2
BRH:0
end_of_record
TN:
SF:screens\TBD.js
FN:7,(anonymous_0)
FN:15,(anonymous_1)
FNF:2
FNH:0
FNDA:0,(anonymous_0)
FNDA:0,(anonymous_1)
DA:7,1
DA:8,0
DA:15,1
DA:16,0
LF:4
LH:2
BRF:0
BRH:0
end_of_record
TN:
SF:web-build\register-service-worker.js
FN:4,(anonymous_0)
FN:7,(anonymous_1)
FN:10,(anonymous_2)
FNF:3
FNH:0
FNDA:0,(anonymous_0)
FNDA:0,(anonymous_1)
FNDA:0,(anonymous_2)
DA:3,0
DA:4,0
DA:5,0
DA:11,0
LF:4
LH:0
BRDA:3,0,0,0
BRDA:3,0,1,0
BRF:2
BRH:0
end_of_record
